[2024-05-30T12:05:34.841+0000] {local_task_job_runner.py:120} INFO - ::group::Pre task execution logs
[2024-05-30T12:05:34.863+0000] {taskinstance.py:2073} INFO - Dependencies all met for dep_context=non-requeueable deps ti=<TaskInstance: stored_procedures.insert_uuid manual__2024-05-30T12:05:31.412772+00:00 [queued]>
[2024-05-30T12:05:34.870+0000] {taskinstance.py:2073} INFO - Dependencies all met for dep_context=requeueable deps ti=<TaskInstance: stored_procedures.insert_uuid manual__2024-05-30T12:05:31.412772+00:00 [queued]>
[2024-05-30T12:05:34.871+0000] {taskinstance.py:2303} INFO - Starting attempt 1 of 2
[2024-05-30T12:05:34.883+0000] {taskinstance.py:2327} INFO - Executing <Task(PythonOperator): insert_uuid> on 2024-05-30 12:05:31.412772+00:00
[2024-05-30T12:05:34.888+0000] {warnings.py:110} WARNING - /home/***/.local/lib/python3.12/site-packages/***/task/task_runner/standard_task_runner.py:61: DeprecationWarning: This process (pid=891) is multi-threaded, use of fork() may lead to deadlocks in the child.
  pid = os.fork()

[2024-05-30T12:05:34.890+0000] {standard_task_runner.py:63} INFO - Started process 893 to run task
[2024-05-30T12:05:34.890+0000] {standard_task_runner.py:90} INFO - Running: ['***', 'tasks', 'run', 'stored_procedures', 'insert_uuid', 'manual__2024-05-30T12:05:31.412772+00:00', '--job-id', '318', '--raw', '--subdir', 'DAGS_FOLDER/dag_example.py', '--cfg-path', '/tmp/tmpm20kx8ik']
[2024-05-30T12:05:34.893+0000] {standard_task_runner.py:91} INFO - Job 318: Subtask insert_uuid
[2024-05-30T12:05:34.941+0000] {task_command.py:426} INFO - Running <TaskInstance: stored_procedures.insert_uuid manual__2024-05-30T12:05:31.412772+00:00 [running]> on host 29c09f03cc50
[2024-05-30T12:05:35.031+0000] {taskinstance.py:2644} INFO - Exporting env vars: AIRFLOW_CTX_DAG_OWNER='Yamin' AIRFLOW_CTX_DAG_ID='stored_procedures' AIRFLOW_CTX_TASK_ID='insert_uuid' AIRFLOW_CTX_EXECUTION_DATE='2024-05-30T12:05:31.412772+00:00' AIRFLOW_CTX_TRY_NUMBER='1' AIRFLOW_CTX_DAG_RUN_ID='manual__2024-05-30T12:05:31.412772+00:00'
[2024-05-30T12:05:35.033+0000] {taskinstance.py:430} INFO - ::endgroup::
[2024-05-30T12:05:35.053+0000] {logging_mixin.py:188} INFO - Error inserting UUID: duplicate key value violates unique constraint "batch_table_pkey"
DETAIL:  Key (id)=(60956632-9762-4e0d-94e1-940d541d5fde) already exists.
[2024-05-30T12:05:35.055+0000] {python.py:237} INFO - Done. Returned value was: None
[2024-05-30T12:05:35.056+0000] {taskinstance.py:441} INFO - ::group::Post task execution logs
[2024-05-30T12:05:35.065+0000] {taskinstance.py:1205} INFO - Marking task as SUCCESS. dag_id=stored_procedures, task_id=insert_uuid, execution_date=20240530T120531, start_date=20240530T120534, end_date=20240530T120535
[2024-05-30T12:05:35.107+0000] {local_task_job_runner.py:240} INFO - Task exited with return code 0
[2024-05-30T12:05:35.140+0000] {taskinstance.py:3482} INFO - 1 downstream tasks scheduled from follow-on schedule check
[2024-05-30T12:05:35.143+0000] {local_task_job_runner.py:222} INFO - ::endgroup::
