[2024-05-30T15:29:22.722+0000] {local_task_job_runner.py:120} INFO - ::group::Pre task execution logs
[2024-05-30T15:29:22.763+0000] {taskinstance.py:2073} INFO - Dependencies all met for dep_context=non-requeueable deps ti=<TaskInstance: stored_procedures.export_json manual__2024-05-30T15:23:57.148558+00:00 [queued]>
[2024-05-30T15:29:22.782+0000] {taskinstance.py:2073} INFO - Dependencies all met for dep_context=requeueable deps ti=<TaskInstance: stored_procedures.export_json manual__2024-05-30T15:23:57.148558+00:00 [queued]>
[2024-05-30T15:29:22.783+0000] {taskinstance.py:2303} INFO - Starting attempt 2 of 2
[2024-05-30T15:29:22.817+0000] {taskinstance.py:2327} INFO - Executing <Task(PythonOperator): export_json> on 2024-05-30 15:23:57.148558+00:00
[2024-05-30T15:29:22.829+0000] {warnings.py:110} WARNING - /home/***/.local/lib/python3.12/site-packages/***/task/task_runner/standard_task_runner.py:61: DeprecationWarning: This process (pid=918) is multi-threaded, use of fork() may lead to deadlocks in the child.
  pid = os.fork()

[2024-05-30T15:29:22.833+0000] {standard_task_runner.py:63} INFO - Started process 920 to run task
[2024-05-30T15:29:22.832+0000] {standard_task_runner.py:90} INFO - Running: ['***', 'tasks', 'run', 'stored_procedures', 'export_json', 'manual__2024-05-30T15:23:57.148558+00:00', '--job-id', '486', '--raw', '--subdir', 'DAGS_FOLDER/dag_example.py', '--cfg-path', '/tmp/tmpohflzemb']
[2024-05-30T15:29:22.836+0000] {standard_task_runner.py:91} INFO - Job 486: Subtask export_json
[2024-05-30T15:29:22.904+0000] {task_command.py:426} INFO - Running <TaskInstance: stored_procedures.export_json manual__2024-05-30T15:23:57.148558+00:00 [running]> on host 29c09f03cc50
[2024-05-30T15:29:23.055+0000] {taskinstance.py:2644} INFO - Exporting env vars: AIRFLOW_CTX_DAG_OWNER='Yamin' AIRFLOW_CTX_DAG_ID='stored_procedures' AIRFLOW_CTX_TASK_ID='export_json' AIRFLOW_CTX_EXECUTION_DATE='2024-05-30T15:23:57.148558+00:00' AIRFLOW_CTX_TRY_NUMBER='2' AIRFLOW_CTX_DAG_RUN_ID='manual__2024-05-30T15:23:57.148558+00:00'
[2024-05-30T15:29:23.056+0000] {taskinstance.py:430} INFO - ::endgroup::
[2024-05-30T15:29:23.146+0000] {logging_mixin.py:188} INFO - Data exported to ./dags/output.json
[2024-05-30T15:29:23.148+0000] {python.py:237} INFO - Done. Returned value was: None
[2024-05-30T15:29:23.151+0000] {taskinstance.py:441} INFO - ::group::Post task execution logs
[2024-05-30T15:29:23.168+0000] {taskinstance.py:1205} INFO - Marking task as SUCCESS. dag_id=stored_procedures, task_id=export_json, execution_date=20240530T152357, start_date=20240530T152922, end_date=20240530T152923
[2024-05-30T15:29:23.209+0000] {local_task_job_runner.py:240} INFO - Task exited with return code 0
[2024-05-30T15:29:23.236+0000] {taskinstance.py:3482} INFO - 1 downstream tasks scheduled from follow-on schedule check
[2024-05-30T15:29:23.239+0000] {local_task_job_runner.py:222} INFO - ::endgroup::
