[2024-05-28T15:00:25.355+0000] {local_task_job_runner.py:120} INFO - ::group::Pre task execution logs
[2024-05-28T15:00:25.375+0000] {taskinstance.py:2073} INFO - Dependencies all met for dep_context=non-requeueable deps ti=<TaskInstance: stored_procedures.bash_task_end manual__2024-05-28T15:00:20.279838+00:00 [queued]>
[2024-05-28T15:00:25.386+0000] {taskinstance.py:2073} INFO - Dependencies all met for dep_context=requeueable deps ti=<TaskInstance: stored_procedures.bash_task_end manual__2024-05-28T15:00:20.279838+00:00 [queued]>
[2024-05-28T15:00:25.387+0000] {taskinstance.py:2303} INFO - Starting attempt 1 of 2
[2024-05-28T15:00:25.400+0000] {taskinstance.py:2327} INFO - Executing <Task(BashOperator): bash_task_end> on 2024-05-28 15:00:20.279838+00:00
[2024-05-28T15:00:25.409+0000] {warnings.py:110} WARNING - /home/***/.local/lib/python3.12/site-packages/***/task/task_runner/standard_task_runner.py:61: DeprecationWarning: This process (pid=906) is multi-threaded, use of fork() may lead to deadlocks in the child.
  pid = os.fork()

[2024-05-28T15:00:25.412+0000] {standard_task_runner.py:63} INFO - Started process 908 to run task
[2024-05-28T15:00:25.418+0000] {standard_task_runner.py:90} INFO - Running: ['***', 'tasks', 'run', 'stored_procedures', 'bash_task_end', 'manual__2024-05-28T15:00:20.279838+00:00', '--job-id', '97', '--raw', '--subdir', 'DAGS_FOLDER/dag_example.py', '--cfg-path', '/tmp/tmpfxkzt_lc']
[2024-05-28T15:00:25.421+0000] {standard_task_runner.py:91} INFO - Job 97: Subtask bash_task_end
[2024-05-28T15:00:25.465+0000] {task_command.py:426} INFO - Running <TaskInstance: stored_procedures.bash_task_end manual__2024-05-28T15:00:20.279838+00:00 [running]> on host 29c09f03cc50
[2024-05-28T15:00:25.555+0000] {taskinstance.py:2644} INFO - Exporting env vars: AIRFLOW_CTX_DAG_OWNER='Yamin' AIRFLOW_CTX_DAG_ID='stored_procedures' AIRFLOW_CTX_TASK_ID='bash_task_end' AIRFLOW_CTX_EXECUTION_DATE='2024-05-28T15:00:20.279838+00:00' AIRFLOW_CTX_TRY_NUMBER='1' AIRFLOW_CTX_DAG_RUN_ID='manual__2024-05-28T15:00:20.279838+00:00'
[2024-05-28T15:00:25.557+0000] {taskinstance.py:430} INFO - ::endgroup::
[2024-05-28T15:00:25.569+0000] {subprocess.py:63} INFO - Tmp dir root location: /tmp
[2024-05-28T15:00:25.570+0000] {subprocess.py:75} INFO - Running command: ['/usr/bin/bash', '-c', 'echo "Here is your bash message at the end of your DAG"']
[2024-05-28T15:00:25.580+0000] {subprocess.py:86} INFO - Output:
[2024-05-28T15:00:25.582+0000] {subprocess.py:93} INFO - Here is your bash message at the end of your DAG
[2024-05-28T15:00:25.583+0000] {subprocess.py:97} INFO - Command exited with return code 0
[2024-05-28T15:00:25.584+0000] {taskinstance.py:441} INFO - ::group::Post task execution logs
[2024-05-28T15:00:25.607+0000] {taskinstance.py:1205} INFO - Marking task as SUCCESS. dag_id=stored_procedures, task_id=bash_task_end, execution_date=20240528T150020, start_date=20240528T150025, end_date=20240528T150025
[2024-05-28T15:00:25.627+0000] {local_task_job_runner.py:240} INFO - Task exited with return code 0
[2024-05-28T15:00:25.650+0000] {taskinstance.py:3482} INFO - 0 downstream tasks scheduled from follow-on schedule check
[2024-05-28T15:00:25.653+0000] {local_task_job_runner.py:222} INFO - ::endgroup::
