[2024-05-31T08:38:06.982+0000] {local_task_job_runner.py:120} INFO - ::group::Pre task execution logs
[2024-05-31T08:38:07.002+0000] {taskinstance.py:2073} INFO - Dependencies all met for dep_context=non-requeueable deps ti=<TaskInstance: stored_procedures.insert_uuid manual__2024-05-31T08:38:04.847215+00:00 [queued]>
[2024-05-31T08:38:07.009+0000] {taskinstance.py:2073} INFO - Dependencies all met for dep_context=requeueable deps ti=<TaskInstance: stored_procedures.insert_uuid manual__2024-05-31T08:38:04.847215+00:00 [queued]>
[2024-05-31T08:38:07.011+0000] {taskinstance.py:2303} INFO - Starting attempt 1 of 2
[2024-05-31T08:38:07.024+0000] {taskinstance.py:2327} INFO - Executing <Task(PythonOperator): insert_uuid> on 2024-05-31 08:38:04.847215+00:00
[2024-05-31T08:38:07.029+0000] {warnings.py:110} WARNING - /home/***/.local/lib/python3.12/site-packages/***/task/task_runner/standard_task_runner.py:61: DeprecationWarning: This process (pid=881) is multi-threaded, use of fork() may lead to deadlocks in the child.
  pid = os.fork()

[2024-05-31T08:38:07.031+0000] {standard_task_runner.py:63} INFO - Started process 882 to run task
[2024-05-31T08:38:07.031+0000] {standard_task_runner.py:90} INFO - Running: ['***', 'tasks', 'run', 'stored_procedures', 'insert_uuid', 'manual__2024-05-31T08:38:04.847215+00:00', '--job-id', '578', '--raw', '--subdir', 'DAGS_FOLDER/dag_example.py', '--cfg-path', '/tmp/tmphtkvv1km']
[2024-05-31T08:38:07.033+0000] {standard_task_runner.py:91} INFO - Job 578: Subtask insert_uuid
[2024-05-31T08:38:07.081+0000] {task_command.py:426} INFO - Running <TaskInstance: stored_procedures.insert_uuid manual__2024-05-31T08:38:04.847215+00:00 [running]> on host 29c09f03cc50
[2024-05-31T08:38:07.162+0000] {taskinstance.py:2644} INFO - Exporting env vars: AIRFLOW_CTX_DAG_OWNER='Yamin' AIRFLOW_CTX_DAG_ID='stored_procedures' AIRFLOW_CTX_TASK_ID='insert_uuid' AIRFLOW_CTX_EXECUTION_DATE='2024-05-31T08:38:04.847215+00:00' AIRFLOW_CTX_TRY_NUMBER='1' AIRFLOW_CTX_DAG_RUN_ID='manual__2024-05-31T08:38:04.847215+00:00'
[2024-05-31T08:38:07.163+0000] {taskinstance.py:430} INFO - ::endgroup::
[2024-05-31T08:38:07.187+0000] {logging_mixin.py:188} INFO - UUID inserted successfully!
[2024-05-31T08:38:07.188+0000] {python.py:237} INFO - Done. Returned value was: 01718e64-cb07-42bc-9775-e9105b7b5a62
[2024-05-31T08:38:07.189+0000] {taskinstance.py:441} INFO - ::group::Post task execution logs
[2024-05-31T08:38:07.213+0000] {taskinstance.py:1205} INFO - Marking task as SUCCESS. dag_id=stored_procedures, task_id=insert_uuid, execution_date=20240531T083804, start_date=20240531T083807, end_date=20240531T083807
[2024-05-31T08:38:07.246+0000] {local_task_job_runner.py:240} INFO - Task exited with return code 0
[2024-05-31T08:38:07.277+0000] {taskinstance.py:3482} INFO - 1 downstream tasks scheduled from follow-on schedule check
[2024-05-31T08:38:07.280+0000] {local_task_job_runner.py:222} INFO - ::endgroup::
