[2024-05-30T11:26:48.180+0000] {local_task_job_runner.py:120} INFO - ::group::Pre task execution logs
[2024-05-30T11:26:48.200+0000] {taskinstance.py:2073} INFO - Dependencies all met for dep_context=non-requeueable deps ti=<TaskInstance: stored_procedures.load_drivers manual__2024-05-30T11:26:42.213318+00:00 [queued]>
[2024-05-30T11:26:48.208+0000] {taskinstance.py:2073} INFO - Dependencies all met for dep_context=requeueable deps ti=<TaskInstance: stored_procedures.load_drivers manual__2024-05-30T11:26:42.213318+00:00 [queued]>
[2024-05-30T11:26:48.209+0000] {taskinstance.py:2303} INFO - Starting attempt 1 of 2
[2024-05-30T11:26:48.220+0000] {taskinstance.py:2327} INFO - Executing <Task(PythonOperator): load_drivers> on 2024-05-30 11:26:42.213318+00:00
[2024-05-30T11:26:48.226+0000] {warnings.py:110} WARNING - /home/***/.local/lib/python3.12/site-packages/***/task/task_runner/standard_task_runner.py:61: DeprecationWarning: This process (pid=92) is multi-threaded, use of fork() may lead to deadlocks in the child.
  pid = os.fork()

[2024-05-30T11:26:48.228+0000] {standard_task_runner.py:63} INFO - Started process 94 to run task
[2024-05-30T11:26:48.228+0000] {standard_task_runner.py:90} INFO - Running: ['***', 'tasks', 'run', 'stored_procedures', 'load_drivers', 'manual__2024-05-30T11:26:42.213318+00:00', '--job-id', '224', '--raw', '--subdir', 'DAGS_FOLDER/dag_example.py', '--cfg-path', '/tmp/tmp58znvnde']
[2024-05-30T11:26:48.230+0000] {standard_task_runner.py:91} INFO - Job 224: Subtask load_drivers
[2024-05-30T11:26:48.282+0000] {task_command.py:426} INFO - Running <TaskInstance: stored_procedures.load_drivers manual__2024-05-30T11:26:42.213318+00:00 [running]> on host 29c09f03cc50
[2024-05-30T11:26:48.368+0000] {taskinstance.py:2644} INFO - Exporting env vars: AIRFLOW_CTX_DAG_OWNER='Yamin' AIRFLOW_CTX_DAG_ID='stored_procedures' AIRFLOW_CTX_TASK_ID='load_drivers' AIRFLOW_CTX_EXECUTION_DATE='2024-05-30T11:26:42.213318+00:00' AIRFLOW_CTX_TRY_NUMBER='1' AIRFLOW_CTX_DAG_RUN_ID='manual__2024-05-30T11:26:42.213318+00:00'
[2024-05-30T11:26:48.370+0000] {taskinstance.py:430} INFO - ::endgroup::
[2024-05-30T11:26:48.392+0000] {taskinstance.py:441} INFO - ::group::Post task execution logs
[2024-05-30T11:26:48.392+0000] {taskinstance.py:2890} ERROR - Task failed with exception
Traceback (most recent call last):
  File "/home/airflow/.local/lib/python3.12/site-packages/airflow/models/taskinstance.py", line 465, in _execute_task
    result = _execute_callable(context=context, **execute_callable_kwargs)
             ^^^^^^^^^^^^^^^^^^^^^^^^^^^^^^^^^^^^^^^^^^^^^^^^^^^^^^^^^^^^^
  File "/home/airflow/.local/lib/python3.12/site-packages/airflow/models/taskinstance.py", line 432, in _execute_callable
    return execute_callable(context=context, **execute_callable_kwargs)
           ^^^^^^^^^^^^^^^^^^^^^^^^^^^^^^^^^^^^^^^^^^^^^^^^^^^^^^^^^^^^
  File "/home/airflow/.local/lib/python3.12/site-packages/airflow/models/baseoperator.py", line 400, in wrapper
    return func(self, *args, **kwargs)
           ^^^^^^^^^^^^^^^^^^^^^^^^^^^
  File "/home/airflow/.local/lib/python3.12/site-packages/airflow/operators/python.py", line 235, in execute
    return_value = self.execute_callable()
                   ^^^^^^^^^^^^^^^^^^^^^^^
  File "/home/airflow/.local/lib/python3.12/site-packages/airflow/operators/python.py", line 252, in execute_callable
    return self.python_callable(*self.op_args, **self.op_kwargs)
           ^^^^^^^^^^^^^^^^^^^^^^^^^^^^^^^^^^^^^^^^^^^^^^^^^^^^^
  File "/opt/airflow/dags/dag_example.py", line 51, in load_drivers_data
    cur.execute("CALL load_drivers_data(%s);", (dag_uuid,))
psycopg2.errors.NotNullViolation: null value in column "batch_id" of relation "drivers" violates not-null constraint
DETAIL:  Failing row contains (1, 1, hamilton, 44, HAM, Lewis, Hamilton, 1985-01-07, British, http://en.wikipedia.org/wiki/Lewis_Hamilton, 2024-05-30 12:26:48.38296, 2024-05-30 12:26:48.38296, null).
CONTEXT:  COPY drivers, line 2: "1,"hamilton",44,"HAM","Lewis","Hamilton","1985-01-07","British","http://en.wikipedia.org/wiki/Lewis_..."
SQL statement "COPY raw.drivers(
        driver_id,
        driver_ref,
        number,
        code,
        forename,
        surname,
        dob,
        nationality,
        url
    )
    FROM 'C:\\Users\\YaminChoudhury\\Documents\\Academy\\postgres\\F1 Ex\\Data\\drivers.csv'
    WITH (
        FORMAT CSV,
        HEADER,
        DELIMITER ',',
        NULL '\N'
    )"
PL/pgSQL function load_drivers_data(uuid) line 10 at SQL statement

[2024-05-30T11:26:48.407+0000] {taskinstance.py:1205} INFO - Marking task as UP_FOR_RETRY. dag_id=stored_procedures, task_id=load_drivers, execution_date=20240530T112642, start_date=20240530T112648, end_date=20240530T112648
[2024-05-30T11:26:48.421+0000] {standard_task_runner.py:110} ERROR - Failed to execute job 224 for task load_drivers (null value in column "batch_id" of relation "drivers" violates not-null constraint
DETAIL:  Failing row contains (1, 1, hamilton, 44, HAM, Lewis, Hamilton, 1985-01-07, British, http://en.wikipedia.org/wiki/Lewis_Hamilton, 2024-05-30 12:26:48.38296, 2024-05-30 12:26:48.38296, null).
CONTEXT:  COPY drivers, line 2: "1,"hamilton",44,"HAM","Lewis","Hamilton","1985-01-07","British","http://en.wikipedia.org/wiki/Lewis_..."
SQL statement "COPY raw.drivers(
        driver_id,
        driver_ref,
        number,
        code,
        forename,
        surname,
        dob,
        nationality,
        url
    )
    FROM 'C:\\Users\\YaminChoudhury\\Documents\\Academy\\postgres\\F1 Ex\\Data\\drivers.csv'
    WITH (
        FORMAT CSV,
        HEADER,
        DELIMITER ',',
        NULL '\N'
    )"
PL/pgSQL function load_drivers_data(uuid) line 10 at SQL statement
; 94)
[2024-05-30T11:26:48.442+0000] {local_task_job_runner.py:240} INFO - Task exited with return code 1
[2024-05-30T11:26:48.468+0000] {taskinstance.py:3482} INFO - 0 downstream tasks scheduled from follow-on schedule check
[2024-05-30T11:26:48.471+0000] {local_task_job_runner.py:222} INFO - ::endgroup::
