[2024-05-28T14:25:52.099+0000] {local_task_job_runner.py:120} INFO - ::group::Pre task execution logs
[2024-05-28T14:25:52.126+0000] {taskinstance.py:2073} INFO - Dependencies all met for dep_context=non-requeueable deps ti=<TaskInstance: stored_procedures.move_file_task manual__2024-05-28T14:25:48.714247+00:00 [queued]>
[2024-05-28T14:25:52.137+0000] {taskinstance.py:2073} INFO - Dependencies all met for dep_context=requeueable deps ti=<TaskInstance: stored_procedures.move_file_task manual__2024-05-28T14:25:48.714247+00:00 [queued]>
[2024-05-28T14:25:52.137+0000] {taskinstance.py:2303} INFO - Starting attempt 1 of 2
[2024-05-28T14:25:52.153+0000] {taskinstance.py:2327} INFO - Executing <Task(PythonOperator): move_file_task> on 2024-05-28 14:25:48.714247+00:00
[2024-05-28T14:25:52.161+0000] {warnings.py:110} WARNING - /home/***/.local/lib/python3.12/site-packages/***/task/task_runner/standard_task_runner.py:61: DeprecationWarning: This process (pid=123) is multi-threaded, use of fork() may lead to deadlocks in the child.
  pid = os.fork()

[2024-05-28T14:25:52.162+0000] {standard_task_runner.py:63} INFO - Started process 129 to run task
[2024-05-28T14:25:52.163+0000] {standard_task_runner.py:90} INFO - Running: ['***', 'tasks', 'run', 'stored_procedures', 'move_file_task', 'manual__2024-05-28T14:25:48.714247+00:00', '--job-id', '3', '--raw', '--subdir', 'DAGS_FOLDER/dag_example.py', '--cfg-path', '/tmp/tmps341ynns']
[2024-05-28T14:25:52.166+0000] {standard_task_runner.py:91} INFO - Job 3: Subtask move_file_task
[2024-05-28T14:25:52.224+0000] {task_command.py:426} INFO - Running <TaskInstance: stored_procedures.move_file_task manual__2024-05-28T14:25:48.714247+00:00 [running]> on host 29c09f03cc50
[2024-05-28T14:25:52.314+0000] {taskinstance.py:2644} INFO - Exporting env vars: AIRFLOW_CTX_DAG_OWNER='Yamin' AIRFLOW_CTX_DAG_ID='stored_procedures' AIRFLOW_CTX_TASK_ID='move_file_task' AIRFLOW_CTX_EXECUTION_DATE='2024-05-28T14:25:48.714247+00:00' AIRFLOW_CTX_TRY_NUMBER='1' AIRFLOW_CTX_DAG_RUN_ID='manual__2024-05-28T14:25:48.714247+00:00'
[2024-05-28T14:25:52.315+0000] {taskinstance.py:430} INFO - ::endgroup::
[2024-05-28T14:25:52.357+0000] {taskinstance.py:441} INFO - ::group::Post task execution logs
[2024-05-28T14:25:52.358+0000] {taskinstance.py:2890} ERROR - Task failed with exception
Traceback (most recent call last):
  File "/usr/local/lib/python3.12/shutil.py", line 886, in move
    os.rename(src, real_dst)
FileNotFoundError: [Errno 2] No such file or directory: './dags/csv/driver_standings_total.csv' -> './dags/csv/failed'

During handling of the above exception, another exception occurred:

Traceback (most recent call last):
  File "/home/airflow/.local/lib/python3.12/site-packages/airflow/models/taskinstance.py", line 465, in _execute_task
    result = _execute_callable(context=context, **execute_callable_kwargs)
             ^^^^^^^^^^^^^^^^^^^^^^^^^^^^^^^^^^^^^^^^^^^^^^^^^^^^^^^^^^^^^
  File "/home/airflow/.local/lib/python3.12/site-packages/airflow/models/taskinstance.py", line 432, in _execute_callable
    return execute_callable(context=context, **execute_callable_kwargs)
           ^^^^^^^^^^^^^^^^^^^^^^^^^^^^^^^^^^^^^^^^^^^^^^^^^^^^^^^^^^^^
  File "/home/airflow/.local/lib/python3.12/site-packages/airflow/models/baseoperator.py", line 400, in wrapper
    return func(self, *args, **kwargs)
           ^^^^^^^^^^^^^^^^^^^^^^^^^^^
  File "/home/airflow/.local/lib/python3.12/site-packages/airflow/operators/python.py", line 235, in execute
    return_value = self.execute_callable()
                   ^^^^^^^^^^^^^^^^^^^^^^^
  File "/home/airflow/.local/lib/python3.12/site-packages/airflow/operators/python.py", line 252, in execute_callable
    return self.python_callable(*self.op_args, **self.op_kwargs)
           ^^^^^^^^^^^^^^^^^^^^^^^^^^^^^^^^^^^^^^^^^^^^^^^^^^^^^
  File "/opt/airflow/dags/dag_example.py", line 139, in move_file
    shutil.move(file_path, destination_directory)
  File "/usr/local/lib/python3.12/shutil.py", line 906, in move
    copy_function(src, real_dst)
  File "/usr/local/lib/python3.12/shutil.py", line 475, in copy2
    copyfile(src, dst, follow_symlinks=follow_symlinks)
  File "/usr/local/lib/python3.12/shutil.py", line 260, in copyfile
    with open(src, 'rb') as fsrc:
         ^^^^^^^^^^^^^^^
FileNotFoundError: [Errno 2] No such file or directory: './dags/csv/driver_standings_total.csv'
[2024-05-28T14:25:52.371+0000] {taskinstance.py:1205} INFO - Marking task as UP_FOR_RETRY. dag_id=stored_procedures, task_id=move_file_task, execution_date=20240528T142548, start_date=20240528T142552, end_date=20240528T142552
[2024-05-28T14:25:52.387+0000] {standard_task_runner.py:110} ERROR - Failed to execute job 3 for task move_file_task ([Errno 2] No such file or directory: './dags/csv/driver_standings_total.csv'; 129)
[2024-05-28T14:25:52.417+0000] {local_task_job_runner.py:240} INFO - Task exited with return code 1
[2024-05-28T14:25:52.442+0000] {taskinstance.py:3482} INFO - 0 downstream tasks scheduled from follow-on schedule check
[2024-05-28T14:25:52.444+0000] {local_task_job_runner.py:222} INFO - ::endgroup::
