[2024-05-28T15:15:46.309+0000] {local_task_job_runner.py:120} INFO - ::group::Pre task execution logs
[2024-05-28T15:15:46.330+0000] {taskinstance.py:2073} INFO - Dependencies all met for dep_context=non-requeueable deps ti=<TaskInstance: stored_procedures.r2p_races manual__2024-05-28T15:13:56.349229+00:00 [queued]>
[2024-05-28T15:15:46.338+0000] {taskinstance.py:2073} INFO - Dependencies all met for dep_context=requeueable deps ti=<TaskInstance: stored_procedures.r2p_races manual__2024-05-28T15:13:56.349229+00:00 [queued]>
[2024-05-28T15:15:46.339+0000] {taskinstance.py:2303} INFO - Starting attempt 1 of 2
[2024-05-28T15:15:46.352+0000] {taskinstance.py:2327} INFO - Executing <Task(PythonOperator): r2p_races> on 2024-05-28 15:13:56.349229+00:00
[2024-05-28T15:15:46.360+0000] {warnings.py:110} WARNING - /home/***/.local/lib/python3.12/site-packages/***/task/task_runner/standard_task_runner.py:61: DeprecationWarning: This process (pid=1129) is multi-threaded, use of fork() may lead to deadlocks in the child.
  pid = os.fork()

[2024-05-28T15:15:46.363+0000] {standard_task_runner.py:63} INFO - Started process 1131 to run task
[2024-05-28T15:15:46.363+0000] {standard_task_runner.py:90} INFO - Running: ['***', 'tasks', 'run', 'stored_procedures', 'r2p_races', 'manual__2024-05-28T15:13:56.349229+00:00', '--job-id', '105', '--raw', '--subdir', 'DAGS_FOLDER/dag_example.py', '--cfg-path', '/tmp/tmp8y1ha4op']
[2024-05-28T15:15:46.365+0000] {standard_task_runner.py:91} INFO - Job 105: Subtask r2p_races
[2024-05-28T15:15:46.416+0000] {task_command.py:426} INFO - Running <TaskInstance: stored_procedures.r2p_races manual__2024-05-28T15:13:56.349229+00:00 [running]> on host 29c09f03cc50
[2024-05-28T15:15:46.500+0000] {taskinstance.py:2644} INFO - Exporting env vars: AIRFLOW_CTX_DAG_OWNER='Yamin' AIRFLOW_CTX_DAG_ID='stored_procedures' AIRFLOW_CTX_TASK_ID='r2p_races' AIRFLOW_CTX_EXECUTION_DATE='2024-05-28T15:13:56.349229+00:00' AIRFLOW_CTX_TRY_NUMBER='1' AIRFLOW_CTX_DAG_RUN_ID='manual__2024-05-28T15:13:56.349229+00:00'
[2024-05-28T15:15:46.502+0000] {taskinstance.py:430} INFO - ::endgroup::
[2024-05-28T15:15:46.520+0000] {taskinstance.py:441} INFO - ::group::Post task execution logs
[2024-05-28T15:15:46.521+0000] {taskinstance.py:2890} ERROR - Task failed with exception
Traceback (most recent call last):
  File "/home/airflow/.local/lib/python3.12/site-packages/airflow/models/taskinstance.py", line 465, in _execute_task
    result = _execute_callable(context=context, **execute_callable_kwargs)
             ^^^^^^^^^^^^^^^^^^^^^^^^^^^^^^^^^^^^^^^^^^^^^^^^^^^^^^^^^^^^^
  File "/home/airflow/.local/lib/python3.12/site-packages/airflow/models/taskinstance.py", line 432, in _execute_callable
    return execute_callable(context=context, **execute_callable_kwargs)
           ^^^^^^^^^^^^^^^^^^^^^^^^^^^^^^^^^^^^^^^^^^^^^^^^^^^^^^^^^^^^
  File "/home/airflow/.local/lib/python3.12/site-packages/airflow/models/baseoperator.py", line 400, in wrapper
    return func(self, *args, **kwargs)
           ^^^^^^^^^^^^^^^^^^^^^^^^^^^
  File "/home/airflow/.local/lib/python3.12/site-packages/airflow/operators/python.py", line 235, in execute
    return_value = self.execute_callable()
                   ^^^^^^^^^^^^^^^^^^^^^^^
  File "/home/airflow/.local/lib/python3.12/site-packages/airflow/operators/python.py", line 252, in execute_callable
    return self.python_callable(*self.op_args, **self.op_kwargs)
           ^^^^^^^^^^^^^^^^^^^^^^^^^^^^^^^^^^^^^^^^^^^^^^^^^^^^^
  File "/opt/airflow/dags/dag_example.py", line 116, in insert_into_processed_races
    cur.execute("CALL insert_into_processed_races();")
psycopg2.errors.UniqueViolation: duplicate key value violates unique constraint "races_pkey"
DETAIL:  Key (unique_race_id)=(1) already exists.
CONTEXT:  SQL statement "INSERT INTO processed.races (
        unique_race_id,
        race_id,
        year,
        round,
        circuit_id,
        name,
        date,
        time,
        url,
        fp1_date,
        fp1_time,
        fp2_date,
        fp2_time,
        fp3_date,
        fp3_time,
        quali_date,
        quali_time,
        sprint_date,
        sprint_time
    )
    SELECT
        unique_race_id,
        race_id,
        year,
        round,
        circuit_id,
        name,
        date,
        time,
        url,
        fp1_date,
        fp1_time,
        fp2_date,
        fp2_time,
        fp3_date,
        fp3_time,
        quali_date,
        quali_time,
        sprint_date,
        sprint_time
    FROM raw.races"
PL/pgSQL function insert_into_processed_races() line 7 at SQL statement

[2024-05-28T15:15:46.533+0000] {taskinstance.py:1205} INFO - Marking task as UP_FOR_RETRY. dag_id=stored_procedures, task_id=r2p_races, execution_date=20240528T151356, start_date=20240528T151546, end_date=20240528T151546
[2024-05-28T15:15:46.543+0000] {standard_task_runner.py:110} ERROR - Failed to execute job 105 for task r2p_races (duplicate key value violates unique constraint "races_pkey"
DETAIL:  Key (unique_race_id)=(1) already exists.
CONTEXT:  SQL statement "INSERT INTO processed.races (
        unique_race_id,
        race_id,
        year,
        round,
        circuit_id,
        name,
        date,
        time,
        url,
        fp1_date,
        fp1_time,
        fp2_date,
        fp2_time,
        fp3_date,
        fp3_time,
        quali_date,
        quali_time,
        sprint_date,
        sprint_time
    )
    SELECT
        unique_race_id,
        race_id,
        year,
        round,
        circuit_id,
        name,
        date,
        time,
        url,
        fp1_date,
        fp1_time,
        fp2_date,
        fp2_time,
        fp3_date,
        fp3_time,
        quali_date,
        quali_time,
        sprint_date,
        sprint_time
    FROM raw.races"
PL/pgSQL function insert_into_processed_races() line 7 at SQL statement
; 1131)
[2024-05-28T15:15:46.578+0000] {local_task_job_runner.py:240} INFO - Task exited with return code 1
[2024-05-28T15:15:46.607+0000] {taskinstance.py:3482} INFO - 0 downstream tasks scheduled from follow-on schedule check
[2024-05-28T15:15:46.610+0000] {local_task_job_runner.py:222} INFO - ::endgroup::
