[2024-05-30T15:15:15.048+0000] {local_task_job_runner.py:120} INFO - ::group::Pre task execution logs
[2024-05-30T15:15:15.070+0000] {taskinstance.py:2073} INFO - Dependencies all met for dep_context=non-requeueable deps ti=<TaskInstance: stored_procedures.insert_uuid manual__2024-05-30T15:15:10.957145+00:00 [queued]>
[2024-05-30T15:15:15.080+0000] {taskinstance.py:2073} INFO - Dependencies all met for dep_context=requeueable deps ti=<TaskInstance: stored_procedures.insert_uuid manual__2024-05-30T15:15:10.957145+00:00 [queued]>
[2024-05-30T15:15:15.081+0000] {taskinstance.py:2303} INFO - Starting attempt 1 of 2
[2024-05-30T15:15:15.096+0000] {taskinstance.py:2327} INFO - Executing <Task(PythonOperator): insert_uuid> on 2024-05-30 15:15:10.957145+00:00
[2024-05-30T15:15:15.102+0000] {warnings.py:110} WARNING - /home/***/.local/lib/python3.12/site-packages/***/task/task_runner/standard_task_runner.py:61: DeprecationWarning: This process (pid=529) is multi-threaded, use of fork() may lead to deadlocks in the child.
  pid = os.fork()

[2024-05-30T15:15:15.105+0000] {standard_task_runner.py:63} INFO - Started process 531 to run task
[2024-05-30T15:15:15.105+0000] {standard_task_runner.py:90} INFO - Running: ['***', 'tasks', 'run', 'stored_procedures', 'insert_uuid', 'manual__2024-05-30T15:15:10.957145+00:00', '--job-id', '419', '--raw', '--subdir', 'DAGS_FOLDER/dag_example.py', '--cfg-path', '/tmp/tmp8fc2mkyz']
[2024-05-30T15:15:15.108+0000] {standard_task_runner.py:91} INFO - Job 419: Subtask insert_uuid
[2024-05-30T15:15:15.160+0000] {task_command.py:426} INFO - Running <TaskInstance: stored_procedures.insert_uuid manual__2024-05-30T15:15:10.957145+00:00 [running]> on host 29c09f03cc50
[2024-05-30T15:15:15.251+0000] {taskinstance.py:2644} INFO - Exporting env vars: AIRFLOW_CTX_DAG_OWNER='Yamin' AIRFLOW_CTX_DAG_ID='stored_procedures' AIRFLOW_CTX_TASK_ID='insert_uuid' AIRFLOW_CTX_EXECUTION_DATE='2024-05-30T15:15:10.957145+00:00' AIRFLOW_CTX_TRY_NUMBER='1' AIRFLOW_CTX_DAG_RUN_ID='manual__2024-05-30T15:15:10.957145+00:00'
[2024-05-30T15:15:15.253+0000] {taskinstance.py:430} INFO - ::endgroup::
[2024-05-30T15:15:15.274+0000] {logging_mixin.py:188} INFO - UUID inserted successfully!
[2024-05-30T15:15:15.275+0000] {python.py:237} INFO - Done. Returned value was: d2044f17-188d-4526-b311-526188285c3e
[2024-05-30T15:15:15.276+0000] {taskinstance.py:441} INFO - ::group::Post task execution logs
[2024-05-30T15:15:15.300+0000] {taskinstance.py:1205} INFO - Marking task as SUCCESS. dag_id=stored_procedures, task_id=insert_uuid, execution_date=20240530T151510, start_date=20240530T151515, end_date=20240530T151515
[2024-05-30T15:15:15.321+0000] {local_task_job_runner.py:240} INFO - Task exited with return code 0
[2024-05-30T15:15:15.351+0000] {taskinstance.py:3482} INFO - 1 downstream tasks scheduled from follow-on schedule check
[2024-05-30T15:15:15.354+0000] {local_task_job_runner.py:222} INFO - ::endgroup::
