[2024-05-30T12:32:33.632+0000] {local_task_job_runner.py:120} INFO - ::group::Pre task execution logs
[2024-05-30T12:32:33.651+0000] {taskinstance.py:2073} INFO - Dependencies all met for dep_context=non-requeueable deps ti=<TaskInstance: stored_procedures.insert_uuid manual__2024-05-30T12:32:30.715834+00:00 [queued]>
[2024-05-30T12:32:33.659+0000] {taskinstance.py:2073} INFO - Dependencies all met for dep_context=requeueable deps ti=<TaskInstance: stored_procedures.insert_uuid manual__2024-05-30T12:32:30.715834+00:00 [queued]>
[2024-05-30T12:32:33.660+0000] {taskinstance.py:2303} INFO - Starting attempt 1 of 2
[2024-05-30T12:32:33.672+0000] {taskinstance.py:2327} INFO - Executing <Task(PythonOperator): insert_uuid> on 2024-05-30 12:32:30.715834+00:00
[2024-05-30T12:32:33.678+0000] {warnings.py:110} WARNING - /home/***/.local/lib/python3.12/site-packages/***/task/task_runner/standard_task_runner.py:61: DeprecationWarning: This process (pid=1450) is multi-threaded, use of fork() may lead to deadlocks in the child.
  pid = os.fork()

[2024-05-30T12:32:33.680+0000] {standard_task_runner.py:63} INFO - Started process 1452 to run task
[2024-05-30T12:32:33.680+0000] {standard_task_runner.py:90} INFO - Running: ['***', 'tasks', 'run', 'stored_procedures', 'insert_uuid', 'manual__2024-05-30T12:32:30.715834+00:00', '--job-id', '384', '--raw', '--subdir', 'DAGS_FOLDER/dag_example.py', '--cfg-path', '/tmp/tmp6b8vstmp']
[2024-05-30T12:32:33.682+0000] {standard_task_runner.py:91} INFO - Job 384: Subtask insert_uuid
[2024-05-30T12:32:33.732+0000] {task_command.py:426} INFO - Running <TaskInstance: stored_procedures.insert_uuid manual__2024-05-30T12:32:30.715834+00:00 [running]> on host 29c09f03cc50
[2024-05-30T12:32:33.808+0000] {taskinstance.py:2644} INFO - Exporting env vars: AIRFLOW_CTX_DAG_OWNER='Yamin' AIRFLOW_CTX_DAG_ID='stored_procedures' AIRFLOW_CTX_TASK_ID='insert_uuid' AIRFLOW_CTX_EXECUTION_DATE='2024-05-30T12:32:30.715834+00:00' AIRFLOW_CTX_TRY_NUMBER='1' AIRFLOW_CTX_DAG_RUN_ID='manual__2024-05-30T12:32:30.715834+00:00'
[2024-05-30T12:32:33.810+0000] {taskinstance.py:430} INFO - ::endgroup::
[2024-05-30T12:32:33.825+0000] {logging_mixin.py:188} INFO - UUID inserted successfully!
[2024-05-30T12:32:33.826+0000] {python.py:237} INFO - Done. Returned value was: 7f96c632-d645-4d2d-bd50-1b5d2c9a2868
[2024-05-30T12:32:33.827+0000] {taskinstance.py:441} INFO - ::group::Post task execution logs
[2024-05-30T12:32:33.847+0000] {taskinstance.py:1205} INFO - Marking task as SUCCESS. dag_id=stored_procedures, task_id=insert_uuid, execution_date=20240530T123230, start_date=20240530T123233, end_date=20240530T123233
[2024-05-30T12:32:33.896+0000] {local_task_job_runner.py:240} INFO - Task exited with return code 0
[2024-05-30T12:32:33.922+0000] {taskinstance.py:3482} INFO - 1 downstream tasks scheduled from follow-on schedule check
[2024-05-30T12:32:33.926+0000] {local_task_job_runner.py:222} INFO - ::endgroup::
