[2024-05-28T14:29:15.741+0000] {local_task_job_runner.py:120} INFO - ::group::Pre task execution logs
[2024-05-28T14:29:15.767+0000] {taskinstance.py:2073} INFO - Dependencies all met for dep_context=non-requeueable deps ti=<TaskInstance: stored_procedures.create_archived_directory manual__2024-05-28T14:29:13.884993+00:00 [queued]>
[2024-05-28T14:29:15.777+0000] {taskinstance.py:2073} INFO - Dependencies all met for dep_context=requeueable deps ti=<TaskInstance: stored_procedures.create_archived_directory manual__2024-05-28T14:29:13.884993+00:00 [queued]>
[2024-05-28T14:29:15.779+0000] {taskinstance.py:2303} INFO - Starting attempt 1 of 2
[2024-05-28T14:29:15.795+0000] {taskinstance.py:2327} INFO - Executing <Task(PythonOperator): create_archived_directory> on 2024-05-28 14:29:13.884993+00:00
[2024-05-28T14:29:15.805+0000] {warnings.py:110} WARNING - /home/***/.local/lib/python3.12/site-packages/***/task/task_runner/standard_task_runner.py:61: DeprecationWarning: This process (pid=230) is multi-threaded, use of fork() may lead to deadlocks in the child.
  pid = os.fork()

[2024-05-28T14:29:15.810+0000] {standard_task_runner.py:63} INFO - Started process 241 to run task
[2024-05-28T14:29:15.807+0000] {standard_task_runner.py:90} INFO - Running: ['***', 'tasks', 'run', 'stored_procedures', 'create_archived_directory', 'manual__2024-05-28T14:29:13.884993+00:00', '--job-id', '21', '--raw', '--subdir', 'DAGS_FOLDER/dag_example.py', '--cfg-path', '/tmp/tmph682lz4h']
[2024-05-28T14:29:15.811+0000] {standard_task_runner.py:91} INFO - Job 21: Subtask create_archived_directory
[2024-05-28T14:29:15.885+0000] {task_command.py:426} INFO - Running <TaskInstance: stored_procedures.create_archived_directory manual__2024-05-28T14:29:13.884993+00:00 [running]> on host 29c09f03cc50
[2024-05-28T14:29:16.007+0000] {taskinstance.py:2644} INFO - Exporting env vars: AIRFLOW_CTX_DAG_OWNER='Yamin' AIRFLOW_CTX_DAG_ID='stored_procedures' AIRFLOW_CTX_TASK_ID='create_archived_directory' AIRFLOW_CTX_EXECUTION_DATE='2024-05-28T14:29:13.884993+00:00' AIRFLOW_CTX_TRY_NUMBER='1' AIRFLOW_CTX_DAG_RUN_ID='manual__2024-05-28T14:29:13.884993+00:00'
[2024-05-28T14:29:16.009+0000] {taskinstance.py:430} INFO - ::endgroup::
[2024-05-28T14:29:16.032+0000] {logging_mixin.py:188} INFO - Created Directory
[2024-05-28T14:29:16.037+0000] {logging_mixin.py:188} INFO - Created Directory
[2024-05-28T14:29:16.038+0000] {python.py:237} INFO - Done. Returned value was: None
[2024-05-28T14:29:16.039+0000] {taskinstance.py:441} INFO - ::group::Post task execution logs
[2024-05-28T14:29:16.050+0000] {taskinstance.py:1205} INFO - Marking task as SUCCESS. dag_id=stored_procedures, task_id=create_archived_directory, execution_date=20240528T142913, start_date=20240528T142915, end_date=20240528T142916
[2024-05-28T14:29:16.105+0000] {local_task_job_runner.py:240} INFO - Task exited with return code 0
[2024-05-28T14:29:16.131+0000] {taskinstance.py:3482} INFO - 0 downstream tasks scheduled from follow-on schedule check
[2024-05-28T14:29:16.133+0000] {local_task_job_runner.py:222} INFO - ::endgroup::
