[2024-05-28T15:13:59.800+0000] {local_task_job_runner.py:120} INFO - ::group::Pre task execution logs
[2024-05-28T15:13:59.825+0000] {taskinstance.py:2073} INFO - Dependencies all met for dep_context=non-requeueable deps ti=<TaskInstance: stored_procedures.r2p_drivers manual__2024-05-28T15:13:56.349229+00:00 [queued]>
[2024-05-28T15:13:59.836+0000] {taskinstance.py:2073} INFO - Dependencies all met for dep_context=requeueable deps ti=<TaskInstance: stored_procedures.r2p_drivers manual__2024-05-28T15:13:56.349229+00:00 [queued]>
[2024-05-28T15:13:59.837+0000] {taskinstance.py:2303} INFO - Starting attempt 1 of 2
[2024-05-28T15:13:59.850+0000] {taskinstance.py:2327} INFO - Executing <Task(PythonOperator): r2p_drivers> on 2024-05-28 15:13:56.349229+00:00
[2024-05-28T15:13:59.857+0000] {warnings.py:110} WARNING - /home/***/.local/lib/python3.12/site-packages/***/task/task_runner/standard_task_runner.py:61: DeprecationWarning: This process (pid=1099) is multi-threaded, use of fork() may lead to deadlocks in the child.
  pid = os.fork()

[2024-05-28T15:13:59.859+0000] {standard_task_runner.py:63} INFO - Started process 1101 to run task
[2024-05-28T15:13:59.859+0000] {standard_task_runner.py:90} INFO - Running: ['***', 'tasks', 'run', 'stored_procedures', 'r2p_drivers', 'manual__2024-05-28T15:13:56.349229+00:00', '--job-id', '102', '--raw', '--subdir', 'DAGS_FOLDER/dag_example.py', '--cfg-path', '/tmp/tmp2unwceq9']
[2024-05-28T15:13:59.862+0000] {standard_task_runner.py:91} INFO - Job 102: Subtask r2p_drivers
[2024-05-28T15:13:59.913+0000] {task_command.py:426} INFO - Running <TaskInstance: stored_procedures.r2p_drivers manual__2024-05-28T15:13:56.349229+00:00 [running]> on host 29c09f03cc50
[2024-05-28T15:14:00.004+0000] {taskinstance.py:2644} INFO - Exporting env vars: AIRFLOW_CTX_DAG_OWNER='Yamin' AIRFLOW_CTX_DAG_ID='stored_procedures' AIRFLOW_CTX_TASK_ID='r2p_drivers' AIRFLOW_CTX_EXECUTION_DATE='2024-05-28T15:13:56.349229+00:00' AIRFLOW_CTX_TRY_NUMBER='1' AIRFLOW_CTX_DAG_RUN_ID='manual__2024-05-28T15:13:56.349229+00:00'
[2024-05-28T15:14:00.006+0000] {taskinstance.py:430} INFO - ::endgroup::
[2024-05-28T15:14:00.027+0000] {taskinstance.py:441} INFO - ::group::Post task execution logs
[2024-05-28T15:14:00.028+0000] {taskinstance.py:2890} ERROR - Task failed with exception
Traceback (most recent call last):
  File "/home/airflow/.local/lib/python3.12/site-packages/airflow/models/taskinstance.py", line 465, in _execute_task
    result = _execute_callable(context=context, **execute_callable_kwargs)
             ^^^^^^^^^^^^^^^^^^^^^^^^^^^^^^^^^^^^^^^^^^^^^^^^^^^^^^^^^^^^^
  File "/home/airflow/.local/lib/python3.12/site-packages/airflow/models/taskinstance.py", line 432, in _execute_callable
    return execute_callable(context=context, **execute_callable_kwargs)
           ^^^^^^^^^^^^^^^^^^^^^^^^^^^^^^^^^^^^^^^^^^^^^^^^^^^^^^^^^^^^
  File "/home/airflow/.local/lib/python3.12/site-packages/airflow/models/baseoperator.py", line 400, in wrapper
    return func(self, *args, **kwargs)
           ^^^^^^^^^^^^^^^^^^^^^^^^^^^
  File "/home/airflow/.local/lib/python3.12/site-packages/airflow/operators/python.py", line 235, in execute
    return_value = self.execute_callable()
                   ^^^^^^^^^^^^^^^^^^^^^^^
  File "/home/airflow/.local/lib/python3.12/site-packages/airflow/operators/python.py", line 252, in execute_callable
    return self.python_callable(*self.op_args, **self.op_kwargs)
           ^^^^^^^^^^^^^^^^^^^^^^^^^^^^^^^^^^^^^^^^^^^^^^^^^^^^^
  File "/opt/airflow/dags/dag_example.py", line 106, in insert_into_processed_drivers
    cur.execute("CALL insert_into_processed_drivers();")
psycopg2.errors.UniqueViolation: duplicate key value violates unique constraint "drivers_pkey"
DETAIL:  Key (unique_driver_id)=(34) already exists.
CONTEXT:  SQL statement "INSERT INTO processed.drivers (
        unique_driver_id,
        driver_id,
        driver_ref,
        number,
        code,
        forename,
        surname,
        dob,
        nationality,
        url,
        created_date,
        last_updated_date
    )
    SELECT
        unique_driver_id,
        driver_id,
        driver_ref,
        number,
        code,
        forename,
        surname,
        dob,
        nationality,
        url,
        created_date,
        last_updated_date
    FROM raw.drivers"
PL/pgSQL function insert_into_processed_drivers() line 7 at SQL statement

[2024-05-28T15:14:00.043+0000] {taskinstance.py:1205} INFO - Marking task as UP_FOR_RETRY. dag_id=stored_procedures, task_id=r2p_drivers, execution_date=20240528T151356, start_date=20240528T151359, end_date=20240528T151400
[2024-05-28T15:14:00.057+0000] {standard_task_runner.py:110} ERROR - Failed to execute job 102 for task r2p_drivers (duplicate key value violates unique constraint "drivers_pkey"
DETAIL:  Key (unique_driver_id)=(34) already exists.
CONTEXT:  SQL statement "INSERT INTO processed.drivers (
        unique_driver_id,
        driver_id,
        driver_ref,
        number,
        code,
        forename,
        surname,
        dob,
        nationality,
        url,
        created_date,
        last_updated_date
    )
    SELECT
        unique_driver_id,
        driver_id,
        driver_ref,
        number,
        code,
        forename,
        surname,
        dob,
        nationality,
        url,
        created_date,
        last_updated_date
    FROM raw.drivers"
PL/pgSQL function insert_into_processed_drivers() line 7 at SQL statement
; 1101)
[2024-05-28T15:14:00.074+0000] {local_task_job_runner.py:240} INFO - Task exited with return code 1
[2024-05-28T15:14:00.103+0000] {taskinstance.py:3482} INFO - 0 downstream tasks scheduled from follow-on schedule check
[2024-05-28T15:14:00.105+0000] {local_task_job_runner.py:222} INFO - ::endgroup::
