[2024-05-28T14:30:13.513+0000] {local_task_job_runner.py:120} INFO - ::group::Pre task execution logs
[2024-05-28T14:30:13.550+0000] {taskinstance.py:2073} INFO - Dependencies all met for dep_context=non-requeueable deps ti=<TaskInstance: stored_procedures.create_archived_directory manual__2024-05-28T14:30:10.800852+00:00 [queued]>
[2024-05-28T14:30:13.560+0000] {taskinstance.py:2073} INFO - Dependencies all met for dep_context=requeueable deps ti=<TaskInstance: stored_procedures.create_archived_directory manual__2024-05-28T14:30:10.800852+00:00 [queued]>
[2024-05-28T14:30:13.561+0000] {taskinstance.py:2303} INFO - Starting attempt 1 of 2
[2024-05-28T14:30:13.587+0000] {taskinstance.py:2327} INFO - Executing <Task(PythonOperator): create_archived_directory> on 2024-05-28 14:30:10.800852+00:00
[2024-05-28T14:30:13.595+0000] {warnings.py:110} WARNING - /home/***/.local/lib/python3.12/site-packages/***/task/task_runner/standard_task_runner.py:61: DeprecationWarning: This process (pid=294) is multi-threaded, use of fork() may lead to deadlocks in the child.
  pid = os.fork()

[2024-05-28T14:30:13.598+0000] {standard_task_runner.py:63} INFO - Started process 300 to run task
[2024-05-28T14:30:13.598+0000] {standard_task_runner.py:90} INFO - Running: ['***', 'tasks', 'run', 'stored_procedures', 'create_archived_directory', 'manual__2024-05-28T14:30:10.800852+00:00', '--job-id', '34', '--raw', '--subdir', 'DAGS_FOLDER/dag_example.py', '--cfg-path', '/tmp/tmpjc53ak12']
[2024-05-28T14:30:13.603+0000] {standard_task_runner.py:91} INFO - Job 34: Subtask create_archived_directory
[2024-05-28T14:30:13.672+0000] {task_command.py:426} INFO - Running <TaskInstance: stored_procedures.create_archived_directory manual__2024-05-28T14:30:10.800852+00:00 [running]> on host 29c09f03cc50
[2024-05-28T14:30:13.763+0000] {taskinstance.py:2644} INFO - Exporting env vars: AIRFLOW_CTX_DAG_OWNER='Yamin' AIRFLOW_CTX_DAG_ID='stored_procedures' AIRFLOW_CTX_TASK_ID='create_archived_directory' AIRFLOW_CTX_EXECUTION_DATE='2024-05-28T14:30:10.800852+00:00' AIRFLOW_CTX_TRY_NUMBER='1' AIRFLOW_CTX_DAG_RUN_ID='manual__2024-05-28T14:30:10.800852+00:00'
[2024-05-28T14:30:13.765+0000] {taskinstance.py:430} INFO - ::endgroup::
[2024-05-28T14:30:13.784+0000] {logging_mixin.py:188} INFO - Created Directory
[2024-05-28T14:30:13.789+0000] {logging_mixin.py:188} INFO - Created Directory
[2024-05-28T14:30:13.790+0000] {python.py:237} INFO - Done. Returned value was: None
[2024-05-28T14:30:13.791+0000] {taskinstance.py:441} INFO - ::group::Post task execution logs
[2024-05-28T14:30:13.802+0000] {taskinstance.py:1205} INFO - Marking task as SUCCESS. dag_id=stored_procedures, task_id=create_archived_directory, execution_date=20240528T143010, start_date=20240528T143013, end_date=20240528T143013
[2024-05-28T14:30:13.854+0000] {local_task_job_runner.py:240} INFO - Task exited with return code 0
[2024-05-28T14:30:13.871+0000] {taskinstance.py:3482} INFO - 0 downstream tasks scheduled from follow-on schedule check
[2024-05-28T14:30:13.874+0000] {local_task_job_runner.py:222} INFO - ::endgroup::
