[2024-05-28T14:59:38.451+0000] {local_task_job_runner.py:120} INFO - ::group::Pre task execution logs
[2024-05-28T14:59:38.473+0000] {taskinstance.py:2073} INFO - Dependencies all met for dep_context=non-requeueable deps ti=<TaskInstance: stored_procedures.r2p_constructors manual__2024-05-28T14:59:35.764052+00:00 [queued]>
[2024-05-28T14:59:38.483+0000] {taskinstance.py:2073} INFO - Dependencies all met for dep_context=requeueable deps ti=<TaskInstance: stored_procedures.r2p_constructors manual__2024-05-28T14:59:35.764052+00:00 [queued]>
[2024-05-28T14:59:38.484+0000] {taskinstance.py:2303} INFO - Starting attempt 1 of 2
[2024-05-28T14:59:38.496+0000] {taskinstance.py:2327} INFO - Executing <Task(PythonOperator): r2p_constructors> on 2024-05-28 14:59:35.764052+00:00
[2024-05-28T14:59:38.503+0000] {warnings.py:110} WARNING - /home/***/.local/lib/python3.12/site-packages/***/task/task_runner/standard_task_runner.py:61: DeprecationWarning: This process (pid=882) is multi-threaded, use of fork() may lead to deadlocks in the child.
  pid = os.fork()

[2024-05-28T14:59:38.504+0000] {standard_task_runner.py:63} INFO - Started process 884 to run task
[2024-05-28T14:59:38.505+0000] {standard_task_runner.py:90} INFO - Running: ['***', 'tasks', 'run', 'stored_procedures', 'r2p_constructors', 'manual__2024-05-28T14:59:35.764052+00:00', '--job-id', '94', '--raw', '--subdir', 'DAGS_FOLDER/dag_example.py', '--cfg-path', '/tmp/tmpbthq7j05']
[2024-05-28T14:59:38.507+0000] {standard_task_runner.py:91} INFO - Job 94: Subtask r2p_constructors
[2024-05-28T14:59:38.552+0000] {task_command.py:426} INFO - Running <TaskInstance: stored_procedures.r2p_constructors manual__2024-05-28T14:59:35.764052+00:00 [running]> on host 29c09f03cc50
[2024-05-28T14:59:38.636+0000] {taskinstance.py:2644} INFO - Exporting env vars: AIRFLOW_CTX_DAG_OWNER='Yamin' AIRFLOW_CTX_DAG_ID='stored_procedures' AIRFLOW_CTX_TASK_ID='r2p_constructors' AIRFLOW_CTX_EXECUTION_DATE='2024-05-28T14:59:35.764052+00:00' AIRFLOW_CTX_TRY_NUMBER='1' AIRFLOW_CTX_DAG_RUN_ID='manual__2024-05-28T14:59:35.764052+00:00'
[2024-05-28T14:59:38.637+0000] {taskinstance.py:430} INFO - ::endgroup::
[2024-05-28T14:59:38.654+0000] {taskinstance.py:441} INFO - ::group::Post task execution logs
[2024-05-28T14:59:38.656+0000] {taskinstance.py:2890} ERROR - Task failed with exception
Traceback (most recent call last):
  File "/home/airflow/.local/lib/python3.12/site-packages/airflow/models/taskinstance.py", line 465, in _execute_task
    result = _execute_callable(context=context, **execute_callable_kwargs)
             ^^^^^^^^^^^^^^^^^^^^^^^^^^^^^^^^^^^^^^^^^^^^^^^^^^^^^^^^^^^^^
  File "/home/airflow/.local/lib/python3.12/site-packages/airflow/models/taskinstance.py", line 432, in _execute_callable
    return execute_callable(context=context, **execute_callable_kwargs)
           ^^^^^^^^^^^^^^^^^^^^^^^^^^^^^^^^^^^^^^^^^^^^^^^^^^^^^^^^^^^^
  File "/home/airflow/.local/lib/python3.12/site-packages/airflow/models/baseoperator.py", line 400, in wrapper
    return func(self, *args, **kwargs)
           ^^^^^^^^^^^^^^^^^^^^^^^^^^^
  File "/home/airflow/.local/lib/python3.12/site-packages/airflow/operators/python.py", line 235, in execute
    return_value = self.execute_callable()
                   ^^^^^^^^^^^^^^^^^^^^^^^
  File "/home/airflow/.local/lib/python3.12/site-packages/airflow/operators/python.py", line 252, in execute_callable
    return self.python_callable(*self.op_args, **self.op_kwargs)
           ^^^^^^^^^^^^^^^^^^^^^^^^^^^^^^^^^^^^^^^^^^^^^^^^^^^^^
  File "/opt/airflow/dags/dag_example.py", line 100, in insert_into_processed_constructors
    cur.execute("CALL insert_into_processed_constructors();")
psycopg2.errors.UniqueViolation: duplicate key value violates unique constraint "constructors_pkey"
DETAIL:  Key (unique_constructor_id)=(1) already exists.
CONTEXT:  SQL statement "INSERT INTO processed.constructors (
        unique_constructor_id,
        constructor_id,
        constructor_ref,
        name,
        nationality,
        url,
        created_date,
        last_updated_date
    )
    SELECT
        unique_constructor_id,
        constructor_id,
        constructor_ref,
        name,
        nationality,
        url,
        created_date,
        last_updated_date
    FROM raw.constructors"
PL/pgSQL function insert_into_processed_constructors() line 7 at SQL statement

[2024-05-28T14:59:38.669+0000] {taskinstance.py:1205} INFO - Marking task as UP_FOR_RETRY. dag_id=stored_procedures, task_id=r2p_constructors, execution_date=20240528T145935, start_date=20240528T145938, end_date=20240528T145938
[2024-05-28T14:59:38.678+0000] {standard_task_runner.py:110} ERROR - Failed to execute job 94 for task r2p_constructors (duplicate key value violates unique constraint "constructors_pkey"
DETAIL:  Key (unique_constructor_id)=(1) already exists.
CONTEXT:  SQL statement "INSERT INTO processed.constructors (
        unique_constructor_id,
        constructor_id,
        constructor_ref,
        name,
        nationality,
        url,
        created_date,
        last_updated_date
    )
    SELECT
        unique_constructor_id,
        constructor_id,
        constructor_ref,
        name,
        nationality,
        url,
        created_date,
        last_updated_date
    FROM raw.constructors"
PL/pgSQL function insert_into_processed_constructors() line 7 at SQL statement
; 884)
[2024-05-28T14:59:38.719+0000] {local_task_job_runner.py:240} INFO - Task exited with return code 1
[2024-05-28T14:59:38.741+0000] {taskinstance.py:3482} INFO - 0 downstream tasks scheduled from follow-on schedule check
[2024-05-28T14:59:38.744+0000] {local_task_job_runner.py:222} INFO - ::endgroup::
