[2024-05-31T08:17:03.898+0000] {local_task_job_runner.py:120} INFO - ::group::Pre task execution logs
[2024-05-31T08:17:03.918+0000] {taskinstance.py:2073} INFO - Dependencies all met for dep_context=non-requeueable deps ti=<TaskInstance: stored_procedures.insert_uuid manual__2024-05-31T08:17:00.724977+00:00 [queued]>
[2024-05-31T08:17:03.926+0000] {taskinstance.py:2073} INFO - Dependencies all met for dep_context=requeueable deps ti=<TaskInstance: stored_procedures.insert_uuid manual__2024-05-31T08:17:00.724977+00:00 [queued]>
[2024-05-31T08:17:03.927+0000] {taskinstance.py:2303} INFO - Starting attempt 1 of 2
[2024-05-31T08:17:03.939+0000] {taskinstance.py:2327} INFO - Executing <Task(PythonOperator): insert_uuid> on 2024-05-31 08:17:00.724977+00:00
[2024-05-31T08:17:03.945+0000] {warnings.py:110} WARNING - /home/***/.local/lib/python3.12/site-packages/***/task/task_runner/standard_task_runner.py:61: DeprecationWarning: This process (pid=512) is multi-threaded, use of fork() may lead to deadlocks in the child.
  pid = os.fork()

[2024-05-31T08:17:03.946+0000] {standard_task_runner.py:63} INFO - Started process 514 to run task
[2024-05-31T08:17:03.947+0000] {standard_task_runner.py:90} INFO - Running: ['***', 'tasks', 'run', 'stored_procedures', 'insert_uuid', 'manual__2024-05-31T08:17:00.724977+00:00', '--job-id', '547', '--raw', '--subdir', 'DAGS_FOLDER/dag_example.py', '--cfg-path', '/tmp/tmpwphnm_cg']
[2024-05-31T08:17:03.949+0000] {standard_task_runner.py:91} INFO - Job 547: Subtask insert_uuid
[2024-05-31T08:17:03.993+0000] {task_command.py:426} INFO - Running <TaskInstance: stored_procedures.insert_uuid manual__2024-05-31T08:17:00.724977+00:00 [running]> on host 29c09f03cc50
[2024-05-31T08:17:04.071+0000] {taskinstance.py:2644} INFO - Exporting env vars: AIRFLOW_CTX_DAG_OWNER='Yamin' AIRFLOW_CTX_DAG_ID='stored_procedures' AIRFLOW_CTX_TASK_ID='insert_uuid' AIRFLOW_CTX_EXECUTION_DATE='2024-05-31T08:17:00.724977+00:00' AIRFLOW_CTX_TRY_NUMBER='1' AIRFLOW_CTX_DAG_RUN_ID='manual__2024-05-31T08:17:00.724977+00:00'
[2024-05-31T08:17:04.072+0000] {taskinstance.py:430} INFO - ::endgroup::
[2024-05-31T08:17:04.090+0000] {logging_mixin.py:188} INFO - UUID inserted successfully!
[2024-05-31T08:17:04.091+0000] {python.py:237} INFO - Done. Returned value was: 1d8e5750-e91a-424e-9b70-d38c836b9434
[2024-05-31T08:17:04.092+0000] {taskinstance.py:441} INFO - ::group::Post task execution logs
[2024-05-31T08:17:04.114+0000] {taskinstance.py:1205} INFO - Marking task as SUCCESS. dag_id=stored_procedures, task_id=insert_uuid, execution_date=20240531T081700, start_date=20240531T081703, end_date=20240531T081704
[2024-05-31T08:17:04.161+0000] {local_task_job_runner.py:240} INFO - Task exited with return code 0
[2024-05-31T08:17:04.189+0000] {taskinstance.py:3482} INFO - 1 downstream tasks scheduled from follow-on schedule check
[2024-05-31T08:17:04.193+0000] {local_task_job_runner.py:222} INFO - ::endgroup::
