[2024-05-31T08:17:25.403+0000] {local_task_job_runner.py:120} INFO - ::group::Pre task execution logs
[2024-05-31T08:17:25.423+0000] {taskinstance.py:2073} INFO - Dependencies all met for dep_context=non-requeueable deps ti=<TaskInstance: stored_procedures.export_json manual__2024-05-31T08:17:00.724977+00:00 [queued]>
[2024-05-31T08:17:25.430+0000] {taskinstance.py:2073} INFO - Dependencies all met for dep_context=requeueable deps ti=<TaskInstance: stored_procedures.export_json manual__2024-05-31T08:17:00.724977+00:00 [queued]>
[2024-05-31T08:17:25.432+0000] {taskinstance.py:2303} INFO - Starting attempt 1 of 2
[2024-05-31T08:17:25.443+0000] {taskinstance.py:2327} INFO - Executing <Task(PythonOperator): export_json> on 2024-05-31 08:17:00.724977+00:00
[2024-05-31T08:17:25.450+0000] {warnings.py:110} WARNING - /home/***/.local/lib/python3.12/site-packages/***/task/task_runner/standard_task_runner.py:61: DeprecationWarning: This process (pid=552) is multi-threaded, use of fork() may lead to deadlocks in the child.
  pid = os.fork()

[2024-05-31T08:17:25.451+0000] {standard_task_runner.py:63} INFO - Started process 554 to run task
[2024-05-31T08:17:25.452+0000] {standard_task_runner.py:90} INFO - Running: ['***', 'tasks', 'run', 'stored_procedures', 'export_json', 'manual__2024-05-31T08:17:00.724977+00:00', '--job-id', '558', '--raw', '--subdir', 'DAGS_FOLDER/dag_example.py', '--cfg-path', '/tmp/tmpv758_haz']
[2024-05-31T08:17:25.454+0000] {standard_task_runner.py:91} INFO - Job 558: Subtask export_json
[2024-05-31T08:17:25.500+0000] {task_command.py:426} INFO - Running <TaskInstance: stored_procedures.export_json manual__2024-05-31T08:17:00.724977+00:00 [running]> on host 29c09f03cc50
[2024-05-31T08:17:25.580+0000] {taskinstance.py:2644} INFO - Exporting env vars: AIRFLOW_CTX_DAG_OWNER='Yamin' AIRFLOW_CTX_DAG_ID='stored_procedures' AIRFLOW_CTX_TASK_ID='export_json' AIRFLOW_CTX_EXECUTION_DATE='2024-05-31T08:17:00.724977+00:00' AIRFLOW_CTX_TRY_NUMBER='1' AIRFLOW_CTX_DAG_RUN_ID='manual__2024-05-31T08:17:00.724977+00:00'
[2024-05-31T08:17:25.582+0000] {taskinstance.py:430} INFO - ::endgroup::
[2024-05-31T08:17:25.627+0000] {logging_mixin.py:188} INFO - Data exported to ./dags/output.json
[2024-05-31T08:17:25.628+0000] {python.py:237} INFO - Done. Returned value was: None
[2024-05-31T08:17:25.629+0000] {taskinstance.py:441} INFO - ::group::Post task execution logs
[2024-05-31T08:17:25.639+0000] {taskinstance.py:1205} INFO - Marking task as SUCCESS. dag_id=stored_procedures, task_id=export_json, execution_date=20240531T081700, start_date=20240531T081725, end_date=20240531T081725
[2024-05-31T08:17:25.666+0000] {local_task_job_runner.py:240} INFO - Task exited with return code 0
[2024-05-31T08:17:25.684+0000] {taskinstance.py:3482} INFO - 0 downstream tasks scheduled from follow-on schedule check
[2024-05-31T08:17:25.686+0000] {local_task_job_runner.py:222} INFO - ::endgroup::
