[2024-05-30T11:56:40.483+0000] {local_task_job_runner.py:120} INFO - ::group::Pre task execution logs
[2024-05-30T11:56:40.505+0000] {taskinstance.py:2073} INFO - Dependencies all met for dep_context=non-requeueable deps ti=<TaskInstance: stored_procedures.insert_uuid manual__2024-05-30T11:56:37.288503+00:00 [queued]>
[2024-05-30T11:56:40.515+0000] {taskinstance.py:2073} INFO - Dependencies all met for dep_context=requeueable deps ti=<TaskInstance: stored_procedures.insert_uuid manual__2024-05-30T11:56:37.288503+00:00 [queued]>
[2024-05-30T11:56:40.516+0000] {taskinstance.py:2303} INFO - Starting attempt 1 of 2
[2024-05-30T11:56:40.531+0000] {taskinstance.py:2327} INFO - Executing <Task(PythonOperator): insert_uuid> on 2024-05-30 11:56:37.288503+00:00
[2024-05-30T11:56:40.537+0000] {warnings.py:110} WARNING - /home/***/.local/lib/python3.12/site-packages/***/task/task_runner/standard_task_runner.py:61: DeprecationWarning: This process (pid=646) is multi-threaded, use of fork() may lead to deadlocks in the child.
  pid = os.fork()

[2024-05-30T11:56:40.539+0000] {standard_task_runner.py:63} INFO - Started process 648 to run task
[2024-05-30T11:56:40.539+0000] {standard_task_runner.py:90} INFO - Running: ['***', 'tasks', 'run', 'stored_procedures', 'insert_uuid', 'manual__2024-05-30T11:56:37.288503+00:00', '--job-id', '278', '--raw', '--subdir', 'DAGS_FOLDER/dag_example.py', '--cfg-path', '/tmp/tmp02_4bbgz']
[2024-05-30T11:56:40.542+0000] {standard_task_runner.py:91} INFO - Job 278: Subtask insert_uuid
[2024-05-30T11:56:40.594+0000] {task_command.py:426} INFO - Running <TaskInstance: stored_procedures.insert_uuid manual__2024-05-30T11:56:37.288503+00:00 [running]> on host 29c09f03cc50
[2024-05-30T11:56:40.680+0000] {taskinstance.py:2644} INFO - Exporting env vars: AIRFLOW_CTX_DAG_OWNER='Yamin' AIRFLOW_CTX_DAG_ID='stored_procedures' AIRFLOW_CTX_TASK_ID='insert_uuid' AIRFLOW_CTX_EXECUTION_DATE='2024-05-30T11:56:37.288503+00:00' AIRFLOW_CTX_TRY_NUMBER='1' AIRFLOW_CTX_DAG_RUN_ID='manual__2024-05-30T11:56:37.288503+00:00'
[2024-05-30T11:56:40.682+0000] {taskinstance.py:430} INFO - ::endgroup::
[2024-05-30T11:56:40.701+0000] {logging_mixin.py:188} INFO - UUID inserted successfully!
[2024-05-30T11:56:40.702+0000] {python.py:237} INFO - Done. Returned value was: None
[2024-05-30T11:56:40.703+0000] {taskinstance.py:441} INFO - ::group::Post task execution logs
[2024-05-30T11:56:40.713+0000] {taskinstance.py:1205} INFO - Marking task as SUCCESS. dag_id=stored_procedures, task_id=insert_uuid, execution_date=20240530T115637, start_date=20240530T115640, end_date=20240530T115640
[2024-05-30T11:56:40.754+0000] {local_task_job_runner.py:240} INFO - Task exited with return code 0
[2024-05-30T11:56:40.784+0000] {taskinstance.py:3482} INFO - 0 downstream tasks scheduled from follow-on schedule check
[2024-05-30T11:56:40.787+0000] {local_task_job_runner.py:222} INFO - ::endgroup::
