[2024-05-30T15:17:51.076+0000] {local_task_job_runner.py:120} INFO - ::group::Pre task execution logs
[2024-05-30T15:17:51.097+0000] {taskinstance.py:2073} INFO - Dependencies all met for dep_context=non-requeueable deps ti=<TaskInstance: stored_procedures.insert_uuid manual__2024-05-30T15:17:47.262180+00:00 [queued]>
[2024-05-30T15:17:51.107+0000] {taskinstance.py:2073} INFO - Dependencies all met for dep_context=requeueable deps ti=<TaskInstance: stored_procedures.insert_uuid manual__2024-05-30T15:17:47.262180+00:00 [queued]>
[2024-05-30T15:17:51.108+0000] {taskinstance.py:2303} INFO - Starting attempt 1 of 2
[2024-05-30T15:17:51.120+0000] {taskinstance.py:2327} INFO - Executing <Task(PythonOperator): insert_uuid> on 2024-05-30 15:17:47.262180+00:00
[2024-05-30T15:17:51.126+0000] {warnings.py:110} WARNING - /home/***/.local/lib/python3.12/site-packages/***/task/task_runner/standard_task_runner.py:61: DeprecationWarning: This process (pid=605) is multi-threaded, use of fork() may lead to deadlocks in the child.
  pid = os.fork()

[2024-05-30T15:17:51.128+0000] {standard_task_runner.py:63} INFO - Started process 607 to run task
[2024-05-30T15:17:51.127+0000] {standard_task_runner.py:90} INFO - Running: ['***', 'tasks', 'run', 'stored_procedures', 'insert_uuid', 'manual__2024-05-30T15:17:47.262180+00:00', '--job-id', '432', '--raw', '--subdir', 'DAGS_FOLDER/dag_example.py', '--cfg-path', '/tmp/tmp_krjin2a']
[2024-05-30T15:17:51.130+0000] {standard_task_runner.py:91} INFO - Job 432: Subtask insert_uuid
[2024-05-30T15:17:51.176+0000] {task_command.py:426} INFO - Running <TaskInstance: stored_procedures.insert_uuid manual__2024-05-30T15:17:47.262180+00:00 [running]> on host 29c09f03cc50
[2024-05-30T15:17:51.255+0000] {taskinstance.py:2644} INFO - Exporting env vars: AIRFLOW_CTX_DAG_OWNER='Yamin' AIRFLOW_CTX_DAG_ID='stored_procedures' AIRFLOW_CTX_TASK_ID='insert_uuid' AIRFLOW_CTX_EXECUTION_DATE='2024-05-30T15:17:47.262180+00:00' AIRFLOW_CTX_TRY_NUMBER='1' AIRFLOW_CTX_DAG_RUN_ID='manual__2024-05-30T15:17:47.262180+00:00'
[2024-05-30T15:17:51.257+0000] {taskinstance.py:430} INFO - ::endgroup::
[2024-05-30T15:17:51.275+0000] {logging_mixin.py:188} INFO - UUID inserted successfully!
[2024-05-30T15:17:51.276+0000] {python.py:237} INFO - Done. Returned value was: df00c53a-d027-4b1f-a528-b51189ff58d7
[2024-05-30T15:17:51.277+0000] {taskinstance.py:441} INFO - ::group::Post task execution logs
[2024-05-30T15:17:51.298+0000] {taskinstance.py:1205} INFO - Marking task as SUCCESS. dag_id=stored_procedures, task_id=insert_uuid, execution_date=20240530T151747, start_date=20240530T151751, end_date=20240530T151751
[2024-05-30T15:17:51.344+0000] {local_task_job_runner.py:240} INFO - Task exited with return code 0
[2024-05-30T15:17:51.373+0000] {taskinstance.py:3482} INFO - 1 downstream tasks scheduled from follow-on schedule check
[2024-05-30T15:17:51.376+0000] {local_task_job_runner.py:222} INFO - ::endgroup::
