[2024-05-24T15:34:06.410+0000] {processor.py:161} INFO - Started process (PID=102) to work on /opt/airflow/dags/dag_example.py
[2024-05-24T15:34:06.412+0000] {processor.py:830} INFO - Processing file /opt/airflow/dags/dag_example.py for tasks to queue
[2024-05-24T15:34:06.413+0000] {logging_mixin.py:188} INFO - [2024-05-24T15:34:06.412+0000] {dagbag.py:540} INFO - Filling up the DagBag from /opt/airflow/dags/dag_example.py
[2024-05-24T15:34:06.872+0000] {processor.py:840} INFO - DAG(s) 'academy123' retrieved from /opt/airflow/dags/dag_example.py
[2024-05-24T15:34:07.041+0000] {logging_mixin.py:188} INFO - [2024-05-24T15:34:07.040+0000] {override.py:1829} INFO - Created Permission View: can edit on DAG:academy123
[2024-05-24T15:34:07.050+0000] {logging_mixin.py:188} INFO - [2024-05-24T15:34:07.050+0000] {override.py:1829} INFO - Created Permission View: can delete on DAG:academy123
[2024-05-24T15:34:07.055+0000] {logging_mixin.py:188} INFO - [2024-05-24T15:34:07.055+0000] {override.py:1829} INFO - Created Permission View: can read on DAG:academy123
[2024-05-24T15:34:07.056+0000] {logging_mixin.py:188} INFO - [2024-05-24T15:34:07.055+0000] {dag.py:3096} INFO - Sync 1 DAGs
[2024-05-24T15:34:07.066+0000] {logging_mixin.py:188} INFO - [2024-05-24T15:34:07.066+0000] {dag.py:3118} INFO - Creating ORM DAG for academy123
[2024-05-24T15:34:07.067+0000] {logging_mixin.py:188} INFO - [2024-05-24T15:34:07.067+0000] {dag.py:3954} INFO - Setting next_dagrun for academy123 to None, run_after=None
[2024-05-24T15:34:07.082+0000] {processor.py:183} INFO - Processing /opt/airflow/dags/dag_example.py took 0.678 seconds
[2024-05-24T15:34:37.338+0000] {processor.py:161} INFO - Started process (PID=110) to work on /opt/airflow/dags/dag_example.py
[2024-05-24T15:34:37.339+0000] {processor.py:830} INFO - Processing file /opt/airflow/dags/dag_example.py for tasks to queue
[2024-05-24T15:34:37.340+0000] {logging_mixin.py:188} INFO - [2024-05-24T15:34:37.339+0000] {dagbag.py:540} INFO - Filling up the DagBag from /opt/airflow/dags/dag_example.py
[2024-05-24T15:34:37.805+0000] {processor.py:840} INFO - DAG(s) 'academy123' retrieved from /opt/airflow/dags/dag_example.py
[2024-05-24T15:34:37.828+0000] {logging_mixin.py:188} INFO - [2024-05-24T15:34:37.828+0000] {dag.py:3096} INFO - Sync 1 DAGs
[2024-05-24T15:34:37.837+0000] {logging_mixin.py:188} INFO - [2024-05-24T15:34:37.837+0000] {dag.py:3954} INFO - Setting next_dagrun for academy123 to None, run_after=None
[2024-05-24T15:34:37.855+0000] {processor.py:183} INFO - Processing /opt/airflow/dags/dag_example.py took 0.522 seconds
[2024-05-24T15:35:08.090+0000] {processor.py:161} INFO - Started process (PID=118) to work on /opt/airflow/dags/dag_example.py
[2024-05-24T15:35:08.092+0000] {processor.py:830} INFO - Processing file /opt/airflow/dags/dag_example.py for tasks to queue
[2024-05-24T15:35:08.092+0000] {logging_mixin.py:188} INFO - [2024-05-24T15:35:08.092+0000] {dagbag.py:540} INFO - Filling up the DagBag from /opt/airflow/dags/dag_example.py
[2024-05-24T15:35:08.568+0000] {processor.py:840} INFO - DAG(s) 'academy123' retrieved from /opt/airflow/dags/dag_example.py
[2024-05-24T15:35:08.595+0000] {logging_mixin.py:188} INFO - [2024-05-24T15:35:08.595+0000] {dag.py:3096} INFO - Sync 1 DAGs
[2024-05-24T15:35:08.608+0000] {logging_mixin.py:188} INFO - [2024-05-24T15:35:08.607+0000] {dag.py:3954} INFO - Setting next_dagrun for academy123 to None, run_after=None
[2024-05-24T15:35:08.629+0000] {processor.py:183} INFO - Processing /opt/airflow/dags/dag_example.py took 0.544 seconds
[2024-05-24T15:35:38.893+0000] {processor.py:161} INFO - Started process (PID=126) to work on /opt/airflow/dags/dag_example.py
[2024-05-24T15:35:38.895+0000] {processor.py:830} INFO - Processing file /opt/airflow/dags/dag_example.py for tasks to queue
[2024-05-24T15:35:38.896+0000] {logging_mixin.py:188} INFO - [2024-05-24T15:35:38.895+0000] {dagbag.py:540} INFO - Filling up the DagBag from /opt/airflow/dags/dag_example.py
[2024-05-24T15:35:39.339+0000] {processor.py:840} INFO - DAG(s) 'academy123' retrieved from /opt/airflow/dags/dag_example.py
[2024-05-24T15:35:39.363+0000] {logging_mixin.py:188} INFO - [2024-05-24T15:35:39.363+0000] {dag.py:3096} INFO - Sync 1 DAGs
[2024-05-24T15:35:39.374+0000] {logging_mixin.py:188} INFO - [2024-05-24T15:35:39.373+0000] {dag.py:3954} INFO - Setting next_dagrun for academy123 to None, run_after=None
[2024-05-24T15:35:39.397+0000] {processor.py:183} INFO - Processing /opt/airflow/dags/dag_example.py took 0.510 seconds
[2024-05-24T15:36:09.492+0000] {processor.py:161} INFO - Started process (PID=135) to work on /opt/airflow/dags/dag_example.py
[2024-05-24T15:36:09.494+0000] {processor.py:830} INFO - Processing file /opt/airflow/dags/dag_example.py for tasks to queue
[2024-05-24T15:36:09.495+0000] {logging_mixin.py:188} INFO - [2024-05-24T15:36:09.494+0000] {dagbag.py:540} INFO - Filling up the DagBag from /opt/airflow/dags/dag_example.py
[2024-05-24T15:36:10.012+0000] {processor.py:840} INFO - DAG(s) 'academy123' retrieved from /opt/airflow/dags/dag_example.py
[2024-05-24T15:36:10.038+0000] {logging_mixin.py:188} INFO - [2024-05-24T15:36:10.038+0000] {dag.py:3096} INFO - Sync 1 DAGs
[2024-05-24T15:36:10.053+0000] {logging_mixin.py:188} INFO - [2024-05-24T15:36:10.052+0000] {dag.py:3954} INFO - Setting next_dagrun for academy123 to None, run_after=None
[2024-05-24T15:36:10.076+0000] {processor.py:183} INFO - Processing /opt/airflow/dags/dag_example.py took 0.590 seconds
[2024-05-24T15:36:40.303+0000] {processor.py:161} INFO - Started process (PID=143) to work on /opt/airflow/dags/dag_example.py
[2024-05-24T15:36:40.304+0000] {processor.py:830} INFO - Processing file /opt/airflow/dags/dag_example.py for tasks to queue
[2024-05-24T15:36:40.305+0000] {logging_mixin.py:188} INFO - [2024-05-24T15:36:40.305+0000] {dagbag.py:540} INFO - Filling up the DagBag from /opt/airflow/dags/dag_example.py
[2024-05-24T15:36:40.779+0000] {processor.py:840} INFO - DAG(s) 'academy123' retrieved from /opt/airflow/dags/dag_example.py
[2024-05-24T15:36:40.801+0000] {logging_mixin.py:188} INFO - [2024-05-24T15:36:40.801+0000] {dag.py:3096} INFO - Sync 1 DAGs
[2024-05-24T15:36:40.812+0000] {logging_mixin.py:188} INFO - [2024-05-24T15:36:40.812+0000] {dag.py:3954} INFO - Setting next_dagrun for academy123 to None, run_after=None
[2024-05-24T15:36:40.831+0000] {processor.py:183} INFO - Processing /opt/airflow/dags/dag_example.py took 0.532 seconds
[2024-05-24T15:38:16.215+0000] {processor.py:161} INFO - Started process (PID=38) to work on /opt/airflow/dags/dag_example.py
[2024-05-24T15:38:16.216+0000] {processor.py:830} INFO - Processing file /opt/airflow/dags/dag_example.py for tasks to queue
[2024-05-24T15:38:16.219+0000] {logging_mixin.py:188} INFO - [2024-05-24T15:38:16.218+0000] {dagbag.py:540} INFO - Filling up the DagBag from /opt/airflow/dags/dag_example.py
[2024-05-24T15:38:16.922+0000] {processor.py:840} INFO - DAG(s) 'academy123' retrieved from /opt/airflow/dags/dag_example.py
[2024-05-24T15:38:17.055+0000] {logging_mixin.py:188} INFO - [2024-05-24T15:38:17.054+0000] {dag.py:3096} INFO - Sync 1 DAGs
[2024-05-24T15:38:17.069+0000] {logging_mixin.py:188} INFO - [2024-05-24T15:38:17.069+0000] {dag.py:3954} INFO - Setting next_dagrun for academy123 to None, run_after=None
[2024-05-24T15:38:17.097+0000] {processor.py:183} INFO - Processing /opt/airflow/dags/dag_example.py took 0.891 seconds
[2024-05-24T15:38:47.361+0000] {processor.py:161} INFO - Started process (PID=46) to work on /opt/airflow/dags/dag_example.py
[2024-05-24T15:38:47.362+0000] {processor.py:830} INFO - Processing file /opt/airflow/dags/dag_example.py for tasks to queue
[2024-05-24T15:38:47.364+0000] {logging_mixin.py:188} INFO - [2024-05-24T15:38:47.364+0000] {dagbag.py:540} INFO - Filling up the DagBag from /opt/airflow/dags/dag_example.py
[2024-05-24T15:38:47.794+0000] {processor.py:840} INFO - DAG(s) 'academy123' retrieved from /opt/airflow/dags/dag_example.py
[2024-05-24T15:38:47.820+0000] {logging_mixin.py:188} INFO - [2024-05-24T15:38:47.820+0000] {dag.py:3096} INFO - Sync 1 DAGs
[2024-05-24T15:38:47.831+0000] {logging_mixin.py:188} INFO - [2024-05-24T15:38:47.831+0000] {dag.py:3954} INFO - Setting next_dagrun for academy123 to None, run_after=None
[2024-05-24T15:38:47.852+0000] {processor.py:183} INFO - Processing /opt/airflow/dags/dag_example.py took 0.497 seconds
[2024-05-24T15:39:18.087+0000] {processor.py:161} INFO - Started process (PID=54) to work on /opt/airflow/dags/dag_example.py
[2024-05-24T15:39:18.089+0000] {processor.py:830} INFO - Processing file /opt/airflow/dags/dag_example.py for tasks to queue
[2024-05-24T15:39:18.091+0000] {logging_mixin.py:188} INFO - [2024-05-24T15:39:18.091+0000] {dagbag.py:540} INFO - Filling up the DagBag from /opt/airflow/dags/dag_example.py
[2024-05-24T15:39:18.517+0000] {processor.py:840} INFO - DAG(s) 'academy123' retrieved from /opt/airflow/dags/dag_example.py
[2024-05-24T15:39:18.539+0000] {logging_mixin.py:188} INFO - [2024-05-24T15:39:18.538+0000] {dag.py:3096} INFO - Sync 1 DAGs
[2024-05-24T15:39:18.548+0000] {logging_mixin.py:188} INFO - [2024-05-24T15:39:18.548+0000] {dag.py:3954} INFO - Setting next_dagrun for academy123 to None, run_after=None
[2024-05-24T15:39:18.567+0000] {processor.py:183} INFO - Processing /opt/airflow/dags/dag_example.py took 0.485 seconds
[2024-05-24T15:39:39.760+0000] {processor.py:161} INFO - Started process (PID=62) to work on /opt/airflow/dags/dag_example.py
[2024-05-24T15:39:39.761+0000] {processor.py:830} INFO - Processing file /opt/airflow/dags/dag_example.py for tasks to queue
[2024-05-24T15:39:39.763+0000] {logging_mixin.py:188} INFO - [2024-05-24T15:39:39.763+0000] {dagbag.py:540} INFO - Filling up the DagBag from /opt/airflow/dags/dag_example.py
[2024-05-24T15:39:40.261+0000] {processor.py:840} INFO - DAG(s) 'academy123' retrieved from /opt/airflow/dags/dag_example.py
[2024-05-24T15:39:40.375+0000] {logging_mixin.py:188} INFO - [2024-05-24T15:39:40.374+0000] {dag.py:3096} INFO - Sync 1 DAGs
[2024-05-24T15:39:40.384+0000] {logging_mixin.py:188} INFO - [2024-05-24T15:39:40.384+0000] {dag.py:3954} INFO - Setting next_dagrun for academy123 to None, run_after=None
[2024-05-24T15:39:40.411+0000] {processor.py:183} INFO - Processing /opt/airflow/dags/dag_example.py took 0.658 seconds
[2024-05-24T15:40:10.665+0000] {processor.py:161} INFO - Started process (PID=70) to work on /opt/airflow/dags/dag_example.py
[2024-05-24T15:40:10.666+0000] {processor.py:830} INFO - Processing file /opt/airflow/dags/dag_example.py for tasks to queue
[2024-05-24T15:40:10.668+0000] {logging_mixin.py:188} INFO - [2024-05-24T15:40:10.668+0000] {dagbag.py:540} INFO - Filling up the DagBag from /opt/airflow/dags/dag_example.py
[2024-05-24T15:40:11.187+0000] {processor.py:840} INFO - DAG(s) 'academy123' retrieved from /opt/airflow/dags/dag_example.py
[2024-05-24T15:40:11.211+0000] {logging_mixin.py:188} INFO - [2024-05-24T15:40:11.211+0000] {dag.py:3096} INFO - Sync 1 DAGs
[2024-05-24T15:40:11.222+0000] {logging_mixin.py:188} INFO - [2024-05-24T15:40:11.222+0000] {dag.py:3954} INFO - Setting next_dagrun for academy123 to None, run_after=None
[2024-05-24T15:40:11.247+0000] {processor.py:183} INFO - Processing /opt/airflow/dags/dag_example.py took 0.588 seconds
[2024-05-24T15:40:17.264+0000] {processor.py:161} INFO - Started process (PID=143) to work on /opt/airflow/dags/dag_example.py
[2024-05-24T15:40:17.266+0000] {processor.py:830} INFO - Processing file /opt/airflow/dags/dag_example.py for tasks to queue
[2024-05-24T15:40:17.269+0000] {logging_mixin.py:188} INFO - [2024-05-24T15:40:17.268+0000] {dagbag.py:540} INFO - Filling up the DagBag from /opt/airflow/dags/dag_example.py
[2024-05-24T15:40:17.750+0000] {processor.py:840} INFO - DAG(s) 'academy123' retrieved from /opt/airflow/dags/dag_example.py
[2024-05-24T15:40:17.793+0000] {logging_mixin.py:188} INFO - [2024-05-24T15:40:17.792+0000] {dag.py:3096} INFO - Sync 1 DAGs
[2024-05-24T15:40:17.802+0000] {logging_mixin.py:188} INFO - [2024-05-24T15:40:17.802+0000] {dag.py:3954} INFO - Setting next_dagrun for academy123 to None, run_after=None
[2024-05-24T15:40:17.828+0000] {processor.py:183} INFO - Processing /opt/airflow/dags/dag_example.py took 0.570 seconds
[2024-05-24T15:40:41.464+0000] {processor.py:161} INFO - Started process (PID=78) to work on /opt/airflow/dags/dag_example.py
[2024-05-24T15:40:41.465+0000] {processor.py:830} INFO - Processing file /opt/airflow/dags/dag_example.py for tasks to queue
[2024-05-24T15:40:41.467+0000] {logging_mixin.py:188} INFO - [2024-05-24T15:40:41.466+0000] {dagbag.py:540} INFO - Filling up the DagBag from /opt/airflow/dags/dag_example.py
[2024-05-24T15:40:41.887+0000] {processor.py:840} INFO - DAG(s) 'academy123' retrieved from /opt/airflow/dags/dag_example.py
[2024-05-24T15:40:41.914+0000] {logging_mixin.py:188} INFO - [2024-05-24T15:40:41.914+0000] {dag.py:3096} INFO - Sync 1 DAGs
[2024-05-24T15:40:41.925+0000] {logging_mixin.py:188} INFO - [2024-05-24T15:40:41.925+0000] {dag.py:3954} INFO - Setting next_dagrun for academy123 to None, run_after=None
[2024-05-24T15:40:41.945+0000] {processor.py:183} INFO - Processing /opt/airflow/dags/dag_example.py took 0.486 seconds
[2024-05-24T15:40:48.069+0000] {processor.py:161} INFO - Started process (PID=152) to work on /opt/airflow/dags/dag_example.py
[2024-05-24T15:40:48.070+0000] {processor.py:830} INFO - Processing file /opt/airflow/dags/dag_example.py for tasks to queue
[2024-05-24T15:40:48.071+0000] {logging_mixin.py:188} INFO - [2024-05-24T15:40:48.071+0000] {dagbag.py:540} INFO - Filling up the DagBag from /opt/airflow/dags/dag_example.py
[2024-05-24T15:40:48.502+0000] {processor.py:840} INFO - DAG(s) 'academy123' retrieved from /opt/airflow/dags/dag_example.py
[2024-05-24T15:40:48.528+0000] {logging_mixin.py:188} INFO - [2024-05-24T15:40:48.528+0000] {dag.py:3096} INFO - Sync 1 DAGs
[2024-05-24T15:40:48.538+0000] {logging_mixin.py:188} INFO - [2024-05-24T15:40:48.538+0000] {dag.py:3954} INFO - Setting next_dagrun for academy123 to None, run_after=None
[2024-05-24T15:40:48.562+0000] {processor.py:183} INFO - Processing /opt/airflow/dags/dag_example.py took 0.498 seconds
[2024-05-24T15:41:12.101+0000] {processor.py:161} INFO - Started process (PID=86) to work on /opt/airflow/dags/dag_example.py
[2024-05-24T15:41:12.102+0000] {processor.py:830} INFO - Processing file /opt/airflow/dags/dag_example.py for tasks to queue
[2024-05-24T15:41:12.104+0000] {logging_mixin.py:188} INFO - [2024-05-24T15:41:12.104+0000] {dagbag.py:540} INFO - Filling up the DagBag from /opt/airflow/dags/dag_example.py
[2024-05-24T15:41:12.598+0000] {processor.py:840} INFO - DAG(s) 'academy123' retrieved from /opt/airflow/dags/dag_example.py
[2024-05-24T15:41:12.628+0000] {logging_mixin.py:188} INFO - [2024-05-24T15:41:12.628+0000] {dag.py:3096} INFO - Sync 1 DAGs
[2024-05-24T15:41:12.640+0000] {logging_mixin.py:188} INFO - [2024-05-24T15:41:12.639+0000] {dag.py:3954} INFO - Setting next_dagrun for academy123 to None, run_after=None
[2024-05-24T15:41:12.665+0000] {processor.py:183} INFO - Processing /opt/airflow/dags/dag_example.py took 0.569 seconds
[2024-05-24T15:41:18.709+0000] {processor.py:161} INFO - Started process (PID=161) to work on /opt/airflow/dags/dag_example.py
[2024-05-24T15:41:18.710+0000] {processor.py:830} INFO - Processing file /opt/airflow/dags/dag_example.py for tasks to queue
[2024-05-24T15:41:18.713+0000] {logging_mixin.py:188} INFO - [2024-05-24T15:41:18.712+0000] {dagbag.py:540} INFO - Filling up the DagBag from /opt/airflow/dags/dag_example.py
[2024-05-24T15:41:19.313+0000] {processor.py:840} INFO - DAG(s) 'academy123' retrieved from /opt/airflow/dags/dag_example.py
[2024-05-24T15:41:19.341+0000] {logging_mixin.py:188} INFO - [2024-05-24T15:41:19.340+0000] {dag.py:3096} INFO - Sync 1 DAGs
[2024-05-24T15:41:19.354+0000] {logging_mixin.py:188} INFO - [2024-05-24T15:41:19.353+0000] {dag.py:3954} INFO - Setting next_dagrun for academy123 to None, run_after=None
[2024-05-24T15:41:19.376+0000] {processor.py:183} INFO - Processing /opt/airflow/dags/dag_example.py took 0.675 seconds
[2024-05-24T15:41:42.913+0000] {processor.py:161} INFO - Started process (PID=94) to work on /opt/airflow/dags/dag_example.py
[2024-05-24T15:41:42.914+0000] {processor.py:830} INFO - Processing file /opt/airflow/dags/dag_example.py for tasks to queue
[2024-05-24T15:41:42.916+0000] {logging_mixin.py:188} INFO - [2024-05-24T15:41:42.916+0000] {dagbag.py:540} INFO - Filling up the DagBag from /opt/airflow/dags/dag_example.py
[2024-05-24T15:41:43.527+0000] {processor.py:840} INFO - DAG(s) 'academy123' retrieved from /opt/airflow/dags/dag_example.py
[2024-05-24T15:41:43.554+0000] {logging_mixin.py:188} INFO - [2024-05-24T15:41:43.554+0000] {dag.py:3096} INFO - Sync 1 DAGs
[2024-05-24T15:41:43.570+0000] {logging_mixin.py:188} INFO - [2024-05-24T15:41:43.569+0000] {dag.py:3954} INFO - Setting next_dagrun for academy123 to None, run_after=None
[2024-05-24T15:41:43.592+0000] {processor.py:183} INFO - Processing /opt/airflow/dags/dag_example.py took 0.687 seconds
[2024-05-24T15:41:49.612+0000] {processor.py:161} INFO - Started process (PID=170) to work on /opt/airflow/dags/dag_example.py
[2024-05-24T15:41:49.613+0000] {processor.py:830} INFO - Processing file /opt/airflow/dags/dag_example.py for tasks to queue
[2024-05-24T15:41:49.615+0000] {logging_mixin.py:188} INFO - [2024-05-24T15:41:49.615+0000] {dagbag.py:540} INFO - Filling up the DagBag from /opt/airflow/dags/dag_example.py
[2024-05-24T15:41:50.102+0000] {processor.py:840} INFO - DAG(s) 'academy123' retrieved from /opt/airflow/dags/dag_example.py
[2024-05-24T15:41:50.128+0000] {logging_mixin.py:188} INFO - [2024-05-24T15:41:50.128+0000] {dag.py:3096} INFO - Sync 1 DAGs
[2024-05-24T15:41:50.141+0000] {logging_mixin.py:188} INFO - [2024-05-24T15:41:50.141+0000] {dag.py:3954} INFO - Setting next_dagrun for academy123 to None, run_after=None
[2024-05-24T15:41:50.165+0000] {processor.py:183} INFO - Processing /opt/airflow/dags/dag_example.py took 0.559 seconds
[2024-05-24T15:42:13.826+0000] {processor.py:161} INFO - Started process (PID=102) to work on /opt/airflow/dags/dag_example.py
[2024-05-24T15:42:13.827+0000] {processor.py:830} INFO - Processing file /opt/airflow/dags/dag_example.py for tasks to queue
[2024-05-24T15:42:13.828+0000] {logging_mixin.py:188} INFO - [2024-05-24T15:42:13.828+0000] {dagbag.py:540} INFO - Filling up the DagBag from /opt/airflow/dags/dag_example.py
[2024-05-24T15:42:14.258+0000] {processor.py:840} INFO - DAG(s) 'academy123' retrieved from /opt/airflow/dags/dag_example.py
[2024-05-24T15:42:14.287+0000] {logging_mixin.py:188} INFO - [2024-05-24T15:42:14.287+0000] {dag.py:3096} INFO - Sync 1 DAGs
[2024-05-24T15:42:14.301+0000] {logging_mixin.py:188} INFO - [2024-05-24T15:42:14.301+0000] {dag.py:3954} INFO - Setting next_dagrun for academy123 to None, run_after=None
[2024-05-24T15:42:14.321+0000] {processor.py:183} INFO - Processing /opt/airflow/dags/dag_example.py took 0.501 seconds
[2024-05-24T15:42:20.211+0000] {processor.py:161} INFO - Started process (PID=172) to work on /opt/airflow/dags/dag_example.py
[2024-05-24T15:42:20.212+0000] {processor.py:830} INFO - Processing file /opt/airflow/dags/dag_example.py for tasks to queue
[2024-05-24T15:42:20.213+0000] {logging_mixin.py:188} INFO - [2024-05-24T15:42:20.213+0000] {dagbag.py:540} INFO - Filling up the DagBag from /opt/airflow/dags/dag_example.py
[2024-05-24T15:42:20.629+0000] {processor.py:840} INFO - DAG(s) 'academy123' retrieved from /opt/airflow/dags/dag_example.py
[2024-05-24T15:42:20.654+0000] {logging_mixin.py:188} INFO - [2024-05-24T15:42:20.653+0000] {dag.py:3096} INFO - Sync 1 DAGs
[2024-05-24T15:42:20.665+0000] {logging_mixin.py:188} INFO - [2024-05-24T15:42:20.665+0000] {dag.py:3954} INFO - Setting next_dagrun for academy123 to None, run_after=None
[2024-05-24T15:42:20.684+0000] {processor.py:183} INFO - Processing /opt/airflow/dags/dag_example.py took 0.479 seconds
[2024-05-24T15:42:44.554+0000] {processor.py:161} INFO - Started process (PID=110) to work on /opt/airflow/dags/dag_example.py
[2024-05-24T15:42:44.555+0000] {processor.py:830} INFO - Processing file /opt/airflow/dags/dag_example.py for tasks to queue
[2024-05-24T15:42:44.557+0000] {logging_mixin.py:188} INFO - [2024-05-24T15:42:44.556+0000] {dagbag.py:540} INFO - Filling up the DagBag from /opt/airflow/dags/dag_example.py
[2024-05-24T15:42:45.025+0000] {processor.py:840} INFO - DAG(s) 'academy123' retrieved from /opt/airflow/dags/dag_example.py
[2024-05-24T15:42:45.051+0000] {logging_mixin.py:188} INFO - [2024-05-24T15:42:45.050+0000] {dag.py:3096} INFO - Sync 1 DAGs
[2024-05-24T15:42:45.062+0000] {logging_mixin.py:188} INFO - [2024-05-24T15:42:45.062+0000] {dag.py:3954} INFO - Setting next_dagrun for academy123 to None, run_after=None
[2024-05-24T15:42:45.087+0000] {processor.py:183} INFO - Processing /opt/airflow/dags/dag_example.py took 0.538 seconds
[2024-05-24T15:42:50.932+0000] {processor.py:161} INFO - Started process (PID=181) to work on /opt/airflow/dags/dag_example.py
[2024-05-24T15:42:50.933+0000] {processor.py:830} INFO - Processing file /opt/airflow/dags/dag_example.py for tasks to queue
[2024-05-24T15:42:50.935+0000] {logging_mixin.py:188} INFO - [2024-05-24T15:42:50.935+0000] {dagbag.py:540} INFO - Filling up the DagBag from /opt/airflow/dags/dag_example.py
[2024-05-24T15:42:51.356+0000] {processor.py:840} INFO - DAG(s) 'academy123' retrieved from /opt/airflow/dags/dag_example.py
[2024-05-24T15:42:51.377+0000] {logging_mixin.py:188} INFO - [2024-05-24T15:42:51.377+0000] {dag.py:3096} INFO - Sync 1 DAGs
[2024-05-24T15:42:51.386+0000] {logging_mixin.py:188} INFO - [2024-05-24T15:42:51.386+0000] {dag.py:3954} INFO - Setting next_dagrun for academy123 to None, run_after=None
[2024-05-24T15:42:51.408+0000] {processor.py:183} INFO - Processing /opt/airflow/dags/dag_example.py took 0.481 seconds
[2024-05-24T15:43:15.249+0000] {processor.py:161} INFO - Started process (PID=118) to work on /opt/airflow/dags/dag_example.py
[2024-05-24T15:43:15.250+0000] {processor.py:830} INFO - Processing file /opt/airflow/dags/dag_example.py for tasks to queue
[2024-05-24T15:43:15.252+0000] {logging_mixin.py:188} INFO - [2024-05-24T15:43:15.252+0000] {dagbag.py:540} INFO - Filling up the DagBag from /opt/airflow/dags/dag_example.py
[2024-05-24T15:43:15.681+0000] {processor.py:840} INFO - DAG(s) 'academy123' retrieved from /opt/airflow/dags/dag_example.py
[2024-05-24T15:43:15.702+0000] {logging_mixin.py:188} INFO - [2024-05-24T15:43:15.702+0000] {dag.py:3096} INFO - Sync 1 DAGs
[2024-05-24T15:43:15.712+0000] {logging_mixin.py:188} INFO - [2024-05-24T15:43:15.712+0000] {dag.py:3954} INFO - Setting next_dagrun for academy123 to None, run_after=None
[2024-05-24T15:43:15.731+0000] {processor.py:183} INFO - Processing /opt/airflow/dags/dag_example.py took 0.487 seconds
[2024-05-24T15:43:21.636+0000] {processor.py:161} INFO - Started process (PID=190) to work on /opt/airflow/dags/dag_example.py
[2024-05-24T15:43:21.638+0000] {processor.py:830} INFO - Processing file /opt/airflow/dags/dag_example.py for tasks to queue
[2024-05-24T15:43:21.640+0000] {logging_mixin.py:188} INFO - [2024-05-24T15:43:21.640+0000] {dagbag.py:540} INFO - Filling up the DagBag from /opt/airflow/dags/dag_example.py
[2024-05-24T15:43:22.034+0000] {processor.py:840} INFO - DAG(s) 'academy123' retrieved from /opt/airflow/dags/dag_example.py
[2024-05-24T15:43:22.056+0000] {logging_mixin.py:188} INFO - [2024-05-24T15:43:22.056+0000] {dag.py:3096} INFO - Sync 1 DAGs
[2024-05-24T15:43:22.067+0000] {logging_mixin.py:188} INFO - [2024-05-24T15:43:22.067+0000] {dag.py:3954} INFO - Setting next_dagrun for academy123 to None, run_after=None
[2024-05-24T15:43:22.088+0000] {processor.py:183} INFO - Processing /opt/airflow/dags/dag_example.py took 0.456 seconds
[2024-05-24T15:43:45.980+0000] {processor.py:161} INFO - Started process (PID=126) to work on /opt/airflow/dags/dag_example.py
[2024-05-24T15:43:45.981+0000] {processor.py:830} INFO - Processing file /opt/airflow/dags/dag_example.py for tasks to queue
[2024-05-24T15:43:45.983+0000] {logging_mixin.py:188} INFO - [2024-05-24T15:43:45.983+0000] {dagbag.py:540} INFO - Filling up the DagBag from /opt/airflow/dags/dag_example.py
[2024-05-24T15:43:46.419+0000] {processor.py:840} INFO - DAG(s) 'academy123' retrieved from /opt/airflow/dags/dag_example.py
[2024-05-24T15:43:46.443+0000] {logging_mixin.py:188} INFO - [2024-05-24T15:43:46.443+0000] {dag.py:3096} INFO - Sync 1 DAGs
[2024-05-24T15:43:46.452+0000] {logging_mixin.py:188} INFO - [2024-05-24T15:43:46.452+0000] {dag.py:3954} INFO - Setting next_dagrun for academy123 to None, run_after=None
[2024-05-24T15:43:46.470+0000] {processor.py:183} INFO - Processing /opt/airflow/dags/dag_example.py took 0.495 seconds
[2024-05-24T15:43:52.325+0000] {processor.py:161} INFO - Started process (PID=199) to work on /opt/airflow/dags/dag_example.py
[2024-05-24T15:43:52.326+0000] {processor.py:830} INFO - Processing file /opt/airflow/dags/dag_example.py for tasks to queue
[2024-05-24T15:43:52.328+0000] {logging_mixin.py:188} INFO - [2024-05-24T15:43:52.328+0000] {dagbag.py:540} INFO - Filling up the DagBag from /opt/airflow/dags/dag_example.py
[2024-05-24T15:43:52.810+0000] {processor.py:840} INFO - DAG(s) 'academy123' retrieved from /opt/airflow/dags/dag_example.py
[2024-05-24T15:43:52.834+0000] {logging_mixin.py:188} INFO - [2024-05-24T15:43:52.834+0000] {dag.py:3096} INFO - Sync 1 DAGs
[2024-05-24T15:43:52.846+0000] {logging_mixin.py:188} INFO - [2024-05-24T15:43:52.846+0000] {dag.py:3954} INFO - Setting next_dagrun for academy123 to None, run_after=None
[2024-05-24T15:43:52.865+0000] {processor.py:183} INFO - Processing /opt/airflow/dags/dag_example.py took 0.546 seconds
[2024-05-24T15:44:16.733+0000] {processor.py:161} INFO - Started process (PID=134) to work on /opt/airflow/dags/dag_example.py
[2024-05-24T15:44:16.734+0000] {processor.py:830} INFO - Processing file /opt/airflow/dags/dag_example.py for tasks to queue
[2024-05-24T15:44:16.735+0000] {logging_mixin.py:188} INFO - [2024-05-24T15:44:16.735+0000] {dagbag.py:540} INFO - Filling up the DagBag from /opt/airflow/dags/dag_example.py
[2024-05-24T15:44:17.145+0000] {processor.py:840} INFO - DAG(s) 'academy123' retrieved from /opt/airflow/dags/dag_example.py
[2024-05-24T15:44:17.166+0000] {logging_mixin.py:188} INFO - [2024-05-24T15:44:17.165+0000] {dag.py:3096} INFO - Sync 1 DAGs
[2024-05-24T15:44:17.175+0000] {logging_mixin.py:188} INFO - [2024-05-24T15:44:17.175+0000] {dag.py:3954} INFO - Setting next_dagrun for academy123 to None, run_after=None
[2024-05-24T15:44:17.195+0000] {processor.py:183} INFO - Processing /opt/airflow/dags/dag_example.py took 0.467 seconds
[2024-05-24T15:44:23.064+0000] {processor.py:161} INFO - Started process (PID=208) to work on /opt/airflow/dags/dag_example.py
[2024-05-24T15:44:23.065+0000] {processor.py:830} INFO - Processing file /opt/airflow/dags/dag_example.py for tasks to queue
[2024-05-24T15:44:23.067+0000] {logging_mixin.py:188} INFO - [2024-05-24T15:44:23.067+0000] {dagbag.py:540} INFO - Filling up the DagBag from /opt/airflow/dags/dag_example.py
[2024-05-24T15:44:23.519+0000] {processor.py:840} INFO - DAG(s) 'academy123' retrieved from /opt/airflow/dags/dag_example.py
[2024-05-24T15:44:23.542+0000] {logging_mixin.py:188} INFO - [2024-05-24T15:44:23.542+0000] {dag.py:3096} INFO - Sync 1 DAGs
[2024-05-24T15:44:23.553+0000] {logging_mixin.py:188} INFO - [2024-05-24T15:44:23.553+0000] {dag.py:3954} INFO - Setting next_dagrun for academy123 to None, run_after=None
[2024-05-24T15:44:23.578+0000] {processor.py:183} INFO - Processing /opt/airflow/dags/dag_example.py took 0.520 seconds
[2024-05-24T15:47:10.384+0000] {processor.py:161} INFO - Started process (PID=38) to work on /opt/airflow/dags/dag_example.py
[2024-05-24T15:47:10.387+0000] {processor.py:830} INFO - Processing file /opt/airflow/dags/dag_example.py for tasks to queue
[2024-05-24T15:47:10.390+0000] {logging_mixin.py:188} INFO - [2024-05-24T15:47:10.389+0000] {dagbag.py:540} INFO - Filling up the DagBag from /opt/airflow/dags/dag_example.py
[2024-05-24T15:47:12.101+0000] {processor.py:840} INFO - DAG(s) 'academy123' retrieved from /opt/airflow/dags/dag_example.py
[2024-05-24T15:47:12.363+0000] {logging_mixin.py:188} INFO - [2024-05-24T15:47:12.362+0000] {dag.py:3096} INFO - Sync 1 DAGs
[2024-05-24T15:47:12.373+0000] {logging_mixin.py:188} INFO - [2024-05-24T15:47:12.372+0000] {dag.py:3954} INFO - Setting next_dagrun for academy123 to None, run_after=None
[2024-05-24T15:47:12.398+0000] {processor.py:183} INFO - Processing /opt/airflow/dags/dag_example.py took 2.022 seconds
[2024-05-24T15:47:42.624+0000] {processor.py:161} INFO - Started process (PID=46) to work on /opt/airflow/dags/dag_example.py
[2024-05-24T15:47:42.625+0000] {processor.py:830} INFO - Processing file /opt/airflow/dags/dag_example.py for tasks to queue
[2024-05-24T15:47:42.627+0000] {logging_mixin.py:188} INFO - [2024-05-24T15:47:42.626+0000] {dagbag.py:540} INFO - Filling up the DagBag from /opt/airflow/dags/dag_example.py
[2024-05-24T15:47:43.059+0000] {processor.py:840} INFO - DAG(s) 'academy123' retrieved from /opt/airflow/dags/dag_example.py
[2024-05-24T15:47:43.084+0000] {logging_mixin.py:188} INFO - [2024-05-24T15:47:43.084+0000] {dag.py:3096} INFO - Sync 1 DAGs
[2024-05-24T15:47:43.096+0000] {logging_mixin.py:188} INFO - [2024-05-24T15:47:43.095+0000] {dag.py:3954} INFO - Setting next_dagrun for academy123 to None, run_after=None
[2024-05-24T15:47:43.117+0000] {processor.py:183} INFO - Processing /opt/airflow/dags/dag_example.py took 0.497 seconds
[2024-05-24T15:48:13.341+0000] {processor.py:161} INFO - Started process (PID=54) to work on /opt/airflow/dags/dag_example.py
[2024-05-24T15:48:13.342+0000] {processor.py:830} INFO - Processing file /opt/airflow/dags/dag_example.py for tasks to queue
[2024-05-24T15:48:13.344+0000] {logging_mixin.py:188} INFO - [2024-05-24T15:48:13.344+0000] {dagbag.py:540} INFO - Filling up the DagBag from /opt/airflow/dags/dag_example.py
[2024-05-24T15:48:13.781+0000] {processor.py:840} INFO - DAG(s) 'academy123' retrieved from /opt/airflow/dags/dag_example.py
[2024-05-24T15:48:13.803+0000] {logging_mixin.py:188} INFO - [2024-05-24T15:48:13.803+0000] {dag.py:3096} INFO - Sync 1 DAGs
[2024-05-24T15:48:13.814+0000] {logging_mixin.py:188} INFO - [2024-05-24T15:48:13.813+0000] {dag.py:3954} INFO - Setting next_dagrun for academy123 to None, run_after=None
[2024-05-24T15:48:13.834+0000] {processor.py:183} INFO - Processing /opt/airflow/dags/dag_example.py took 0.499 seconds
[2024-05-24T16:06:49.766+0000] {processor.py:161} INFO - Started process (PID=38) to work on /opt/airflow/dags/dag_example.py
[2024-05-24T16:06:49.768+0000] {processor.py:830} INFO - Processing file /opt/airflow/dags/dag_example.py for tasks to queue
[2024-05-24T16:06:49.771+0000] {logging_mixin.py:188} INFO - [2024-05-24T16:06:49.770+0000] {dagbag.py:540} INFO - Filling up the DagBag from /opt/airflow/dags/dag_example.py
[2024-05-24T16:06:51.221+0000] {processor.py:840} INFO - DAG(s) 'academy123' retrieved from /opt/airflow/dags/dag_example.py
[2024-05-24T16:06:51.426+0000] {logging_mixin.py:188} INFO - [2024-05-24T16:06:51.426+0000] {override.py:1829} INFO - Created Permission View: can edit on DAG:academy123
[2024-05-24T16:06:51.436+0000] {logging_mixin.py:188} INFO - [2024-05-24T16:06:51.436+0000] {override.py:1829} INFO - Created Permission View: can delete on DAG:academy123
[2024-05-24T16:06:51.443+0000] {logging_mixin.py:188} INFO - [2024-05-24T16:06:51.443+0000] {override.py:1829} INFO - Created Permission View: can read on DAG:academy123
[2024-05-24T16:06:51.444+0000] {logging_mixin.py:188} INFO - [2024-05-24T16:06:51.443+0000] {dag.py:3096} INFO - Sync 1 DAGs
[2024-05-24T16:06:51.458+0000] {logging_mixin.py:188} INFO - [2024-05-24T16:06:51.457+0000] {dag.py:3118} INFO - Creating ORM DAG for academy123
[2024-05-24T16:06:51.459+0000] {logging_mixin.py:188} INFO - [2024-05-24T16:06:51.458+0000] {dag.py:3954} INFO - Setting next_dagrun for academy123 to None, run_after=None
[2024-05-24T16:06:51.478+0000] {processor.py:183} INFO - Processing /opt/airflow/dags/dag_example.py took 1.719 seconds
[2024-05-24T16:07:21.725+0000] {processor.py:161} INFO - Started process (PID=46) to work on /opt/airflow/dags/dag_example.py
[2024-05-24T16:07:21.726+0000] {processor.py:830} INFO - Processing file /opt/airflow/dags/dag_example.py for tasks to queue
[2024-05-24T16:07:21.728+0000] {logging_mixin.py:188} INFO - [2024-05-24T16:07:21.727+0000] {dagbag.py:540} INFO - Filling up the DagBag from /opt/airflow/dags/dag_example.py
[2024-05-24T16:07:22.199+0000] {processor.py:840} INFO - DAG(s) 'academy123' retrieved from /opt/airflow/dags/dag_example.py
[2024-05-24T16:07:22.227+0000] {logging_mixin.py:188} INFO - [2024-05-24T16:07:22.227+0000] {dag.py:3096} INFO - Sync 1 DAGs
[2024-05-24T16:07:22.241+0000] {logging_mixin.py:188} INFO - [2024-05-24T16:07:22.241+0000] {dag.py:3954} INFO - Setting next_dagrun for academy123 to None, run_after=None
[2024-05-24T16:07:22.262+0000] {processor.py:183} INFO - Processing /opt/airflow/dags/dag_example.py took 0.542 seconds
[2024-05-24T16:07:52.478+0000] {processor.py:161} INFO - Started process (PID=54) to work on /opt/airflow/dags/dag_example.py
[2024-05-24T16:07:52.480+0000] {processor.py:830} INFO - Processing file /opt/airflow/dags/dag_example.py for tasks to queue
[2024-05-24T16:07:52.482+0000] {logging_mixin.py:188} INFO - [2024-05-24T16:07:52.482+0000] {dagbag.py:540} INFO - Filling up the DagBag from /opt/airflow/dags/dag_example.py
[2024-05-24T16:07:52.883+0000] {processor.py:840} INFO - DAG(s) 'academy123' retrieved from /opt/airflow/dags/dag_example.py
[2024-05-24T16:07:52.904+0000] {logging_mixin.py:188} INFO - [2024-05-24T16:07:52.903+0000] {dag.py:3096} INFO - Sync 1 DAGs
[2024-05-24T16:07:52.912+0000] {logging_mixin.py:188} INFO - [2024-05-24T16:07:52.912+0000] {dag.py:3954} INFO - Setting next_dagrun for academy123 to None, run_after=None
[2024-05-24T16:07:52.935+0000] {processor.py:183} INFO - Processing /opt/airflow/dags/dag_example.py took 0.461 seconds
[2024-05-24T16:08:23.161+0000] {processor.py:161} INFO - Started process (PID=62) to work on /opt/airflow/dags/dag_example.py
[2024-05-24T16:08:23.162+0000] {processor.py:830} INFO - Processing file /opt/airflow/dags/dag_example.py for tasks to queue
[2024-05-24T16:08:23.164+0000] {logging_mixin.py:188} INFO - [2024-05-24T16:08:23.163+0000] {dagbag.py:540} INFO - Filling up the DagBag from /opt/airflow/dags/dag_example.py
[2024-05-24T16:08:23.557+0000] {processor.py:840} INFO - DAG(s) 'academy123' retrieved from /opt/airflow/dags/dag_example.py
[2024-05-24T16:08:23.579+0000] {logging_mixin.py:188} INFO - [2024-05-24T16:08:23.578+0000] {dag.py:3096} INFO - Sync 1 DAGs
[2024-05-24T16:08:23.587+0000] {logging_mixin.py:188} INFO - [2024-05-24T16:08:23.587+0000] {dag.py:3954} INFO - Setting next_dagrun for academy123 to None, run_after=None
[2024-05-24T16:08:23.604+0000] {processor.py:183} INFO - Processing /opt/airflow/dags/dag_example.py took 0.448 seconds
[2024-05-24T16:19:16.348+0000] {processor.py:161} INFO - Started process (PID=77) to work on /opt/airflow/dags/dag_example.py
[2024-05-24T16:19:16.353+0000] {processor.py:830} INFO - Processing file /opt/airflow/dags/dag_example.py for tasks to queue
[2024-05-24T16:19:16.361+0000] {logging_mixin.py:188} INFO - [2024-05-24T16:19:16.360+0000] {dagbag.py:540} INFO - Filling up the DagBag from /opt/airflow/dags/dag_example.py
[2024-05-24T16:19:17.875+0000] {processor.py:840} INFO - DAG(s) 'academy123' retrieved from /opt/airflow/dags/dag_example.py
[2024-05-24T16:19:17.912+0000] {logging_mixin.py:188} INFO - [2024-05-24T16:19:17.911+0000] {dag.py:3096} INFO - Sync 1 DAGs
[2024-05-24T16:19:17.932+0000] {logging_mixin.py:188} INFO - [2024-05-24T16:19:17.931+0000] {dag.py:3954} INFO - Setting next_dagrun for academy123 to None, run_after=None
[2024-05-24T16:19:17.961+0000] {processor.py:183} INFO - Processing /opt/airflow/dags/dag_example.py took 1.634 seconds
[2024-05-24T23:06:45.660+0000] {processor.py:161} INFO - Started process (PID=85) to work on /opt/airflow/dags/dag_example.py
[2024-05-24T23:06:45.663+0000] {processor.py:830} INFO - Processing file /opt/airflow/dags/dag_example.py for tasks to queue
[2024-05-24T23:06:45.675+0000] {logging_mixin.py:188} INFO - [2024-05-24T23:06:45.670+0000] {dagbag.py:540} INFO - Filling up the DagBag from /opt/airflow/dags/dag_example.py
[2024-05-24T23:06:49.297+0000] {processor.py:840} INFO - DAG(s) 'academy123' retrieved from /opt/airflow/dags/dag_example.py
[2024-05-24T23:06:49.444+0000] {logging_mixin.py:188} INFO - [2024-05-24T23:06:49.444+0000] {dag.py:3096} INFO - Sync 1 DAGs
[2024-05-24T23:06:49.542+0000] {logging_mixin.py:188} INFO - [2024-05-24T23:06:49.540+0000] {dag.py:3954} INFO - Setting next_dagrun for academy123 to None, run_after=None
[2024-05-24T23:06:49.641+0000] {processor.py:183} INFO - Processing /opt/airflow/dags/dag_example.py took 4.003 seconds
