[2024-05-24T15:16:26.256+0000] {processor.py:161} INFO - Started process (PID=159) to work on /opt/airflow/dags/stored_procedures.py
[2024-05-24T15:16:26.257+0000] {processor.py:830} INFO - Processing file /opt/airflow/dags/stored_procedures.py for tasks to queue
[2024-05-24T15:16:26.260+0000] {logging_mixin.py:188} INFO - [2024-05-24T15:16:26.259+0000] {dagbag.py:540} INFO - Filling up the DagBag from /opt/airflow/dags/stored_procedures.py
[2024-05-24T15:16:27.612+0000] {logging_mixin.py:188} INFO - [2024-05-24T15:16:27.603+0000] {dagbag.py:350} ERROR - Failed to import: /opt/airflow/dags/stored_procedures.py
Traceback (most recent call last):
  File "/home/airflow/.local/lib/python3.12/site-packages/airflow/models/dagbag.py", line 346, in parse
    loader.exec_module(new_module)
  File "<frozen importlib._bootstrap_external>", line 995, in exec_module
  File "<frozen importlib._bootstrap>", line 488, in _call_with_frames_removed
  File "/opt/airflow/dags/stored_procedures.py", line 198, in <module>
    p
NameError: name 'p' is not defined
[2024-05-24T15:16:27.615+0000] {processor.py:842} WARNING - No viable dags retrieved from /opt/airflow/dags/stored_procedures.py
[2024-05-24T15:16:27.633+0000] {processor.py:183} INFO - Processing /opt/airflow/dags/stored_procedures.py took 1.382 seconds
[2024-05-24T15:16:57.884+0000] {processor.py:161} INFO - Started process (PID=167) to work on /opt/airflow/dags/stored_procedures.py
[2024-05-24T15:16:57.885+0000] {processor.py:830} INFO - Processing file /opt/airflow/dags/stored_procedures.py for tasks to queue
[2024-05-24T15:16:57.887+0000] {logging_mixin.py:188} INFO - [2024-05-24T15:16:57.887+0000] {dagbag.py:540} INFO - Filling up the DagBag from /opt/airflow/dags/stored_procedures.py
[2024-05-24T15:16:58.342+0000] {logging_mixin.py:188} INFO - [2024-05-24T15:16:58.334+0000] {dagbag.py:350} ERROR - Failed to import: /opt/airflow/dags/stored_procedures.py
Traceback (most recent call last):
  File "/home/airflow/.local/lib/python3.12/site-packages/airflow/models/dagbag.py", line 346, in parse
    loader.exec_module(new_module)
  File "<frozen importlib._bootstrap_external>", line 995, in exec_module
  File "<frozen importlib._bootstrap>", line 488, in _call_with_frames_removed
  File "/opt/airflow/dags/stored_procedures.py", line 198, in <module>
    p
NameError: name 'p' is not defined
[2024-05-24T15:16:58.345+0000] {processor.py:842} WARNING - No viable dags retrieved from /opt/airflow/dags/stored_procedures.py
[2024-05-24T15:16:58.363+0000] {processor.py:183} INFO - Processing /opt/airflow/dags/stored_procedures.py took 0.484 seconds
[2024-05-24T15:17:28.597+0000] {processor.py:161} INFO - Started process (PID=175) to work on /opt/airflow/dags/stored_procedures.py
[2024-05-24T15:17:28.598+0000] {processor.py:830} INFO - Processing file /opt/airflow/dags/stored_procedures.py for tasks to queue
[2024-05-24T15:17:28.600+0000] {logging_mixin.py:188} INFO - [2024-05-24T15:17:28.600+0000] {dagbag.py:540} INFO - Filling up the DagBag from /opt/airflow/dags/stored_procedures.py
[2024-05-24T15:17:29.054+0000] {logging_mixin.py:188} INFO - [2024-05-24T15:17:29.047+0000] {dagbag.py:350} ERROR - Failed to import: /opt/airflow/dags/stored_procedures.py
Traceback (most recent call last):
  File "/home/airflow/.local/lib/python3.12/site-packages/airflow/models/dagbag.py", line 346, in parse
    loader.exec_module(new_module)
  File "<frozen importlib._bootstrap_external>", line 995, in exec_module
  File "<frozen importlib._bootstrap>", line 488, in _call_with_frames_removed
  File "/opt/airflow/dags/stored_procedures.py", line 198, in <module>
    p
NameError: name 'p' is not defined
[2024-05-24T15:17:29.056+0000] {processor.py:842} WARNING - No viable dags retrieved from /opt/airflow/dags/stored_procedures.py
[2024-05-24T15:17:29.071+0000] {processor.py:183} INFO - Processing /opt/airflow/dags/stored_procedures.py took 0.481 seconds
[2024-05-24T15:17:59.323+0000] {processor.py:161} INFO - Started process (PID=183) to work on /opt/airflow/dags/stored_procedures.py
[2024-05-24T15:17:59.324+0000] {processor.py:830} INFO - Processing file /opt/airflow/dags/stored_procedures.py for tasks to queue
[2024-05-24T15:17:59.326+0000] {logging_mixin.py:188} INFO - [2024-05-24T15:17:59.326+0000] {dagbag.py:540} INFO - Filling up the DagBag from /opt/airflow/dags/stored_procedures.py
[2024-05-24T15:17:59.797+0000] {logging_mixin.py:188} INFO - [2024-05-24T15:17:59.787+0000] {dagbag.py:350} ERROR - Failed to import: /opt/airflow/dags/stored_procedures.py
Traceback (most recent call last):
  File "/home/airflow/.local/lib/python3.12/site-packages/airflow/models/dagbag.py", line 346, in parse
    loader.exec_module(new_module)
  File "<frozen importlib._bootstrap_external>", line 995, in exec_module
  File "<frozen importlib._bootstrap>", line 488, in _call_with_frames_removed
  File "/opt/airflow/dags/stored_procedures.py", line 198, in <module>
    p
NameError: name 'p' is not defined
[2024-05-24T15:17:59.800+0000] {processor.py:842} WARNING - No viable dags retrieved from /opt/airflow/dags/stored_procedures.py
[2024-05-24T15:17:59.818+0000] {processor.py:183} INFO - Processing /opt/airflow/dags/stored_procedures.py took 0.500 seconds
[2024-05-24T15:18:30.062+0000] {processor.py:161} INFO - Started process (PID=191) to work on /opt/airflow/dags/stored_procedures.py
[2024-05-24T15:18:30.064+0000] {processor.py:830} INFO - Processing file /opt/airflow/dags/stored_procedures.py for tasks to queue
[2024-05-24T15:18:30.066+0000] {logging_mixin.py:188} INFO - [2024-05-24T15:18:30.066+0000] {dagbag.py:540} INFO - Filling up the DagBag from /opt/airflow/dags/stored_procedures.py
[2024-05-24T15:18:30.596+0000] {logging_mixin.py:188} INFO - [2024-05-24T15:18:30.589+0000] {dagbag.py:350} ERROR - Failed to import: /opt/airflow/dags/stored_procedures.py
Traceback (most recent call last):
  File "/home/airflow/.local/lib/python3.12/site-packages/airflow/models/dagbag.py", line 346, in parse
    loader.exec_module(new_module)
  File "<frozen importlib._bootstrap_external>", line 995, in exec_module
  File "<frozen importlib._bootstrap>", line 488, in _call_with_frames_removed
  File "/opt/airflow/dags/stored_procedures.py", line 198, in <module>
    p
NameError: name 'p' is not defined
[2024-05-24T15:18:30.598+0000] {processor.py:842} WARNING - No viable dags retrieved from /opt/airflow/dags/stored_procedures.py
[2024-05-24T15:18:30.616+0000] {processor.py:183} INFO - Processing /opt/airflow/dags/stored_procedures.py took 0.563 seconds
[2024-05-24T15:19:00.783+0000] {processor.py:161} INFO - Started process (PID=199) to work on /opt/airflow/dags/stored_procedures.py
[2024-05-24T15:19:00.785+0000] {processor.py:830} INFO - Processing file /opt/airflow/dags/stored_procedures.py for tasks to queue
[2024-05-24T15:19:00.788+0000] {logging_mixin.py:188} INFO - [2024-05-24T15:19:00.787+0000] {dagbag.py:540} INFO - Filling up the DagBag from /opt/airflow/dags/stored_procedures.py
[2024-05-24T15:19:01.233+0000] {logging_mixin.py:188} INFO - [2024-05-24T15:19:01.224+0000] {dagbag.py:350} ERROR - Failed to import: /opt/airflow/dags/stored_procedures.py
Traceback (most recent call last):
  File "/home/airflow/.local/lib/python3.12/site-packages/airflow/models/dagbag.py", line 346, in parse
    loader.exec_module(new_module)
  File "<frozen importlib._bootstrap_external>", line 995, in exec_module
  File "<frozen importlib._bootstrap>", line 488, in _call_with_frames_removed
  File "/opt/airflow/dags/stored_procedures.py", line 198, in <module>
    p
NameError: name 'p' is not defined
[2024-05-24T15:19:01.236+0000] {processor.py:842} WARNING - No viable dags retrieved from /opt/airflow/dags/stored_procedures.py
[2024-05-24T15:19:01.251+0000] {processor.py:183} INFO - Processing /opt/airflow/dags/stored_procedures.py took 0.479 seconds
[2024-05-24T15:19:31.514+0000] {processor.py:161} INFO - Started process (PID=207) to work on /opt/airflow/dags/stored_procedures.py
[2024-05-24T15:19:31.516+0000] {processor.py:830} INFO - Processing file /opt/airflow/dags/stored_procedures.py for tasks to queue
[2024-05-24T15:19:31.520+0000] {logging_mixin.py:188} INFO - [2024-05-24T15:19:31.519+0000] {dagbag.py:540} INFO - Filling up the DagBag from /opt/airflow/dags/stored_procedures.py
[2024-05-24T15:19:32.057+0000] {logging_mixin.py:188} INFO - [2024-05-24T15:19:32.047+0000] {dagbag.py:350} ERROR - Failed to import: /opt/airflow/dags/stored_procedures.py
Traceback (most recent call last):
  File "/home/airflow/.local/lib/python3.12/site-packages/airflow/models/dagbag.py", line 346, in parse
    loader.exec_module(new_module)
  File "<frozen importlib._bootstrap_external>", line 995, in exec_module
  File "<frozen importlib._bootstrap>", line 488, in _call_with_frames_removed
  File "/opt/airflow/dags/stored_procedures.py", line 198, in <module>
    p
NameError: name 'p' is not defined
[2024-05-24T15:19:32.060+0000] {processor.py:842} WARNING - No viable dags retrieved from /opt/airflow/dags/stored_procedures.py
[2024-05-24T15:19:32.075+0000] {processor.py:183} INFO - Processing /opt/airflow/dags/stored_procedures.py took 0.570 seconds
[2024-05-24T15:20:02.256+0000] {processor.py:161} INFO - Started process (PID=215) to work on /opt/airflow/dags/stored_procedures.py
[2024-05-24T15:20:02.258+0000] {processor.py:830} INFO - Processing file /opt/airflow/dags/stored_procedures.py for tasks to queue
[2024-05-24T15:20:02.261+0000] {logging_mixin.py:188} INFO - [2024-05-24T15:20:02.260+0000] {dagbag.py:540} INFO - Filling up the DagBag from /opt/airflow/dags/stored_procedures.py
[2024-05-24T15:20:02.695+0000] {logging_mixin.py:188} INFO - [2024-05-24T15:20:02.688+0000] {dagbag.py:350} ERROR - Failed to import: /opt/airflow/dags/stored_procedures.py
Traceback (most recent call last):
  File "/home/airflow/.local/lib/python3.12/site-packages/airflow/models/dagbag.py", line 346, in parse
    loader.exec_module(new_module)
  File "<frozen importlib._bootstrap_external>", line 995, in exec_module
  File "<frozen importlib._bootstrap>", line 488, in _call_with_frames_removed
  File "/opt/airflow/dags/stored_procedures.py", line 198, in <module>
    p
NameError: name 'p' is not defined
[2024-05-24T15:20:02.697+0000] {processor.py:842} WARNING - No viable dags retrieved from /opt/airflow/dags/stored_procedures.py
[2024-05-24T15:20:02.714+0000] {processor.py:183} INFO - Processing /opt/airflow/dags/stored_procedures.py took 0.463 seconds
[2024-05-24T15:20:32.945+0000] {processor.py:161} INFO - Started process (PID=223) to work on /opt/airflow/dags/stored_procedures.py
[2024-05-24T15:20:32.946+0000] {processor.py:830} INFO - Processing file /opt/airflow/dags/stored_procedures.py for tasks to queue
[2024-05-24T15:20:32.947+0000] {logging_mixin.py:188} INFO - [2024-05-24T15:20:32.947+0000] {dagbag.py:540} INFO - Filling up the DagBag from /opt/airflow/dags/stored_procedures.py
[2024-05-24T15:20:33.387+0000] {logging_mixin.py:188} INFO - [2024-05-24T15:20:33.378+0000] {dagbag.py:350} ERROR - Failed to import: /opt/airflow/dags/stored_procedures.py
Traceback (most recent call last):
  File "/home/airflow/.local/lib/python3.12/site-packages/airflow/models/dagbag.py", line 346, in parse
    loader.exec_module(new_module)
  File "<frozen importlib._bootstrap_external>", line 995, in exec_module
  File "<frozen importlib._bootstrap>", line 488, in _call_with_frames_removed
  File "/opt/airflow/dags/stored_procedures.py", line 198, in <module>
    p
NameError: name 'p' is not defined
[2024-05-24T15:20:33.389+0000] {processor.py:842} WARNING - No viable dags retrieved from /opt/airflow/dags/stored_procedures.py
[2024-05-24T15:20:33.410+0000] {processor.py:183} INFO - Processing /opt/airflow/dags/stored_procedures.py took 0.471 seconds
[2024-05-24T15:21:03.661+0000] {processor.py:161} INFO - Started process (PID=231) to work on /opt/airflow/dags/stored_procedures.py
[2024-05-24T15:21:03.663+0000] {processor.py:830} INFO - Processing file /opt/airflow/dags/stored_procedures.py for tasks to queue
[2024-05-24T15:21:03.665+0000] {logging_mixin.py:188} INFO - [2024-05-24T15:21:03.665+0000] {dagbag.py:540} INFO - Filling up the DagBag from /opt/airflow/dags/stored_procedures.py
[2024-05-24T15:21:04.221+0000] {logging_mixin.py:188} INFO - [2024-05-24T15:21:04.217+0000] {dagbag.py:350} ERROR - Failed to import: /opt/airflow/dags/stored_procedures.py
Traceback (most recent call last):
  File "/home/airflow/.local/lib/python3.12/site-packages/airflow/models/dagbag.py", line 346, in parse
    loader.exec_module(new_module)
  File "<frozen importlib._bootstrap_external>", line 995, in exec_module
  File "<frozen importlib._bootstrap>", line 488, in _call_with_frames_removed
  File "/opt/airflow/dags/stored_procedures.py", line 198, in <module>
    p
NameError: name 'p' is not defined
[2024-05-24T15:21:04.223+0000] {processor.py:842} WARNING - No viable dags retrieved from /opt/airflow/dags/stored_procedures.py
[2024-05-24T15:21:04.239+0000] {processor.py:183} INFO - Processing /opt/airflow/dags/stored_procedures.py took 0.584 seconds
[2024-05-24T15:22:51.207+0000] {processor.py:161} INFO - Started process (PID=38) to work on /opt/airflow/dags/stored_procedures.py
[2024-05-24T15:22:51.208+0000] {processor.py:830} INFO - Processing file /opt/airflow/dags/stored_procedures.py for tasks to queue
[2024-05-24T15:22:51.212+0000] {logging_mixin.py:188} INFO - [2024-05-24T15:22:51.211+0000] {dagbag.py:540} INFO - Filling up the DagBag from /opt/airflow/dags/stored_procedures.py
[2024-05-24T15:22:51.762+0000] {logging_mixin.py:188} INFO - [2024-05-24T15:22:51.753+0000] {dagbag.py:350} ERROR - Failed to import: /opt/airflow/dags/stored_procedures.py
Traceback (most recent call last):
  File "/home/airflow/.local/lib/python3.12/site-packages/airflow/models/dagbag.py", line 346, in parse
    loader.exec_module(new_module)
  File "<frozen importlib._bootstrap_external>", line 995, in exec_module
  File "<frozen importlib._bootstrap>", line 488, in _call_with_frames_removed
  File "/opt/airflow/dags/stored_procedures.py", line 198, in <module>
    p
NameError: name 'p' is not defined
[2024-05-24T15:22:51.764+0000] {processor.py:842} WARNING - No viable dags retrieved from /opt/airflow/dags/stored_procedures.py
[2024-05-24T15:22:51.784+0000] {processor.py:183} INFO - Processing /opt/airflow/dags/stored_procedures.py took 0.583 seconds
[2024-05-24T15:23:22.035+0000] {processor.py:161} INFO - Started process (PID=46) to work on /opt/airflow/dags/stored_procedures.py
[2024-05-24T15:23:22.036+0000] {processor.py:830} INFO - Processing file /opt/airflow/dags/stored_procedures.py for tasks to queue
[2024-05-24T15:23:22.038+0000] {logging_mixin.py:188} INFO - [2024-05-24T15:23:22.038+0000] {dagbag.py:540} INFO - Filling up the DagBag from /opt/airflow/dags/stored_procedures.py
[2024-05-24T15:23:22.463+0000] {logging_mixin.py:188} INFO - [2024-05-24T15:23:22.454+0000] {dagbag.py:350} ERROR - Failed to import: /opt/airflow/dags/stored_procedures.py
Traceback (most recent call last):
  File "/home/airflow/.local/lib/python3.12/site-packages/airflow/models/dagbag.py", line 346, in parse
    loader.exec_module(new_module)
  File "<frozen importlib._bootstrap_external>", line 995, in exec_module
  File "<frozen importlib._bootstrap>", line 488, in _call_with_frames_removed
  File "/opt/airflow/dags/stored_procedures.py", line 198, in <module>
    p
NameError: name 'p' is not defined
[2024-05-24T15:23:22.464+0000] {processor.py:842} WARNING - No viable dags retrieved from /opt/airflow/dags/stored_procedures.py
[2024-05-24T15:23:22.481+0000] {processor.py:183} INFO - Processing /opt/airflow/dags/stored_procedures.py took 0.450 seconds
[2024-05-24T15:23:52.699+0000] {processor.py:161} INFO - Started process (PID=54) to work on /opt/airflow/dags/stored_procedures.py
[2024-05-24T15:23:52.700+0000] {processor.py:830} INFO - Processing file /opt/airflow/dags/stored_procedures.py for tasks to queue
[2024-05-24T15:23:52.702+0000] {logging_mixin.py:188} INFO - [2024-05-24T15:23:52.702+0000] {dagbag.py:540} INFO - Filling up the DagBag from /opt/airflow/dags/stored_procedures.py
[2024-05-24T15:23:53.136+0000] {logging_mixin.py:188} INFO - [2024-05-24T15:23:53.131+0000] {dagbag.py:350} ERROR - Failed to import: /opt/airflow/dags/stored_procedures.py
Traceback (most recent call last):
  File "/home/airflow/.local/lib/python3.12/site-packages/airflow/models/dagbag.py", line 346, in parse
    loader.exec_module(new_module)
  File "<frozen importlib._bootstrap_external>", line 995, in exec_module
  File "<frozen importlib._bootstrap>", line 488, in _call_with_frames_removed
  File "/opt/airflow/dags/stored_procedures.py", line 198, in <module>
    p
NameError: name 'p' is not defined
[2024-05-24T15:23:53.138+0000] {processor.py:842} WARNING - No viable dags retrieved from /opt/airflow/dags/stored_procedures.py
[2024-05-24T15:23:53.155+0000] {processor.py:183} INFO - Processing /opt/airflow/dags/stored_procedures.py took 0.462 seconds
[2024-05-24T15:24:23.414+0000] {processor.py:161} INFO - Started process (PID=62) to work on /opt/airflow/dags/stored_procedures.py
[2024-05-24T15:24:23.415+0000] {processor.py:830} INFO - Processing file /opt/airflow/dags/stored_procedures.py for tasks to queue
[2024-05-24T15:24:23.417+0000] {logging_mixin.py:188} INFO - [2024-05-24T15:24:23.417+0000] {dagbag.py:540} INFO - Filling up the DagBag from /opt/airflow/dags/stored_procedures.py
[2024-05-24T15:24:23.851+0000] {logging_mixin.py:188} INFO - [2024-05-24T15:24:23.843+0000] {dagbag.py:350} ERROR - Failed to import: /opt/airflow/dags/stored_procedures.py
Traceback (most recent call last):
  File "/home/airflow/.local/lib/python3.12/site-packages/airflow/models/dagbag.py", line 346, in parse
    loader.exec_module(new_module)
  File "<frozen importlib._bootstrap_external>", line 995, in exec_module
  File "<frozen importlib._bootstrap>", line 488, in _call_with_frames_removed
  File "/opt/airflow/dags/stored_procedures.py", line 198, in <module>
    p
NameError: name 'p' is not defined
[2024-05-24T15:24:23.853+0000] {processor.py:842} WARNING - No viable dags retrieved from /opt/airflow/dags/stored_procedures.py
[2024-05-24T15:24:23.868+0000] {processor.py:183} INFO - Processing /opt/airflow/dags/stored_procedures.py took 0.458 seconds
[2024-05-24T15:24:54.122+0000] {processor.py:161} INFO - Started process (PID=70) to work on /opt/airflow/dags/stored_procedures.py
[2024-05-24T15:24:54.123+0000] {processor.py:830} INFO - Processing file /opt/airflow/dags/stored_procedures.py for tasks to queue
[2024-05-24T15:24:54.126+0000] {logging_mixin.py:188} INFO - [2024-05-24T15:24:54.125+0000] {dagbag.py:540} INFO - Filling up the DagBag from /opt/airflow/dags/stored_procedures.py
[2024-05-24T15:24:54.559+0000] {logging_mixin.py:188} INFO - [2024-05-24T15:24:54.551+0000] {dagbag.py:350} ERROR - Failed to import: /opt/airflow/dags/stored_procedures.py
Traceback (most recent call last):
  File "/home/airflow/.local/lib/python3.12/site-packages/airflow/models/dagbag.py", line 346, in parse
    loader.exec_module(new_module)
  File "<frozen importlib._bootstrap_external>", line 995, in exec_module
  File "<frozen importlib._bootstrap>", line 488, in _call_with_frames_removed
  File "/opt/airflow/dags/stored_procedures.py", line 198, in <module>
    p
NameError: name 'p' is not defined
[2024-05-24T15:24:54.562+0000] {processor.py:842} WARNING - No viable dags retrieved from /opt/airflow/dags/stored_procedures.py
[2024-05-24T15:24:54.578+0000] {processor.py:183} INFO - Processing /opt/airflow/dags/stored_procedures.py took 0.460 seconds
[2024-05-24T15:25:24.828+0000] {processor.py:161} INFO - Started process (PID=78) to work on /opt/airflow/dags/stored_procedures.py
[2024-05-24T15:25:24.830+0000] {processor.py:830} INFO - Processing file /opt/airflow/dags/stored_procedures.py for tasks to queue
[2024-05-24T15:25:24.832+0000] {logging_mixin.py:188} INFO - [2024-05-24T15:25:24.831+0000] {dagbag.py:540} INFO - Filling up the DagBag from /opt/airflow/dags/stored_procedures.py
[2024-05-24T15:25:25.250+0000] {logging_mixin.py:188} INFO - [2024-05-24T15:25:25.238+0000] {dagbag.py:350} ERROR - Failed to import: /opt/airflow/dags/stored_procedures.py
Traceback (most recent call last):
  File "/home/airflow/.local/lib/python3.12/site-packages/airflow/models/dagbag.py", line 346, in parse
    loader.exec_module(new_module)
  File "<frozen importlib._bootstrap_external>", line 995, in exec_module
  File "<frozen importlib._bootstrap>", line 488, in _call_with_frames_removed
  File "/opt/airflow/dags/stored_procedures.py", line 198, in <module>
    p
NameError: name 'p' is not defined
[2024-05-24T15:25:25.252+0000] {processor.py:842} WARNING - No viable dags retrieved from /opt/airflow/dags/stored_procedures.py
[2024-05-24T15:25:25.270+0000] {processor.py:183} INFO - Processing /opt/airflow/dags/stored_procedures.py took 0.447 seconds
[2024-05-24T15:25:55.520+0000] {processor.py:161} INFO - Started process (PID=86) to work on /opt/airflow/dags/stored_procedures.py
[2024-05-24T15:25:55.521+0000] {processor.py:830} INFO - Processing file /opt/airflow/dags/stored_procedures.py for tasks to queue
[2024-05-24T15:25:55.523+0000] {logging_mixin.py:188} INFO - [2024-05-24T15:25:55.523+0000] {dagbag.py:540} INFO - Filling up the DagBag from /opt/airflow/dags/stored_procedures.py
[2024-05-24T15:25:55.944+0000] {logging_mixin.py:188} INFO - [2024-05-24T15:25:55.934+0000] {dagbag.py:350} ERROR - Failed to import: /opt/airflow/dags/stored_procedures.py
Traceback (most recent call last):
  File "/home/airflow/.local/lib/python3.12/site-packages/airflow/models/dagbag.py", line 346, in parse
    loader.exec_module(new_module)
  File "<frozen importlib._bootstrap_external>", line 995, in exec_module
  File "<frozen importlib._bootstrap>", line 488, in _call_with_frames_removed
  File "/opt/airflow/dags/stored_procedures.py", line 198, in <module>
    p
NameError: name 'p' is not defined
[2024-05-24T15:25:55.947+0000] {processor.py:842} WARNING - No viable dags retrieved from /opt/airflow/dags/stored_procedures.py
[2024-05-24T15:25:55.962+0000] {processor.py:183} INFO - Processing /opt/airflow/dags/stored_procedures.py took 0.447 seconds
[2024-05-24T15:26:26.201+0000] {processor.py:161} INFO - Started process (PID=94) to work on /opt/airflow/dags/stored_procedures.py
[2024-05-24T15:26:26.202+0000] {processor.py:830} INFO - Processing file /opt/airflow/dags/stored_procedures.py for tasks to queue
[2024-05-24T15:26:26.204+0000] {logging_mixin.py:188} INFO - [2024-05-24T15:26:26.204+0000] {dagbag.py:540} INFO - Filling up the DagBag from /opt/airflow/dags/stored_procedures.py
[2024-05-24T15:26:26.663+0000] {logging_mixin.py:188} INFO - [2024-05-24T15:26:26.656+0000] {dagbag.py:350} ERROR - Failed to import: /opt/airflow/dags/stored_procedures.py
Traceback (most recent call last):
  File "/home/airflow/.local/lib/python3.12/site-packages/airflow/models/dagbag.py", line 346, in parse
    loader.exec_module(new_module)
  File "<frozen importlib._bootstrap_external>", line 995, in exec_module
  File "<frozen importlib._bootstrap>", line 488, in _call_with_frames_removed
  File "/opt/airflow/dags/stored_procedures.py", line 198, in <module>
    p
NameError: name 'p' is not defined
[2024-05-24T15:26:26.665+0000] {processor.py:842} WARNING - No viable dags retrieved from /opt/airflow/dags/stored_procedures.py
[2024-05-24T15:26:26.685+0000] {processor.py:183} INFO - Processing /opt/airflow/dags/stored_procedures.py took 0.488 seconds
[2024-05-24T15:26:56.972+0000] {processor.py:161} INFO - Started process (PID=102) to work on /opt/airflow/dags/stored_procedures.py
[2024-05-24T15:26:56.974+0000] {processor.py:830} INFO - Processing file /opt/airflow/dags/stored_procedures.py for tasks to queue
[2024-05-24T15:26:56.977+0000] {logging_mixin.py:188} INFO - [2024-05-24T15:26:56.977+0000] {dagbag.py:540} INFO - Filling up the DagBag from /opt/airflow/dags/stored_procedures.py
[2024-05-24T15:26:57.504+0000] {logging_mixin.py:188} INFO - [2024-05-24T15:26:57.494+0000] {dagbag.py:350} ERROR - Failed to import: /opt/airflow/dags/stored_procedures.py
Traceback (most recent call last):
  File "/home/airflow/.local/lib/python3.12/site-packages/airflow/models/dagbag.py", line 346, in parse
    loader.exec_module(new_module)
  File "<frozen importlib._bootstrap_external>", line 995, in exec_module
  File "<frozen importlib._bootstrap>", line 488, in _call_with_frames_removed
  File "/opt/airflow/dags/stored_procedures.py", line 198, in <module>
    p
NameError: name 'p' is not defined
[2024-05-24T15:26:57.506+0000] {processor.py:842} WARNING - No viable dags retrieved from /opt/airflow/dags/stored_procedures.py
[2024-05-24T15:26:57.523+0000] {processor.py:183} INFO - Processing /opt/airflow/dags/stored_procedures.py took 0.556 seconds
[2024-05-24T15:27:27.654+0000] {processor.py:161} INFO - Started process (PID=110) to work on /opt/airflow/dags/stored_procedures.py
[2024-05-24T15:27:27.655+0000] {processor.py:830} INFO - Processing file /opt/airflow/dags/stored_procedures.py for tasks to queue
[2024-05-24T15:27:27.657+0000] {logging_mixin.py:188} INFO - [2024-05-24T15:27:27.656+0000] {dagbag.py:540} INFO - Filling up the DagBag from /opt/airflow/dags/stored_procedures.py
[2024-05-24T15:27:28.125+0000] {logging_mixin.py:188} INFO - [2024-05-24T15:27:28.119+0000] {dagbag.py:350} ERROR - Failed to import: /opt/airflow/dags/stored_procedures.py
Traceback (most recent call last):
  File "/home/airflow/.local/lib/python3.12/site-packages/airflow/models/dagbag.py", line 346, in parse
    loader.exec_module(new_module)
  File "<frozen importlib._bootstrap_external>", line 995, in exec_module
  File "<frozen importlib._bootstrap>", line 488, in _call_with_frames_removed
  File "/opt/airflow/dags/stored_procedures.py", line 198, in <module>
    p
NameError: name 'p' is not defined
[2024-05-24T15:27:28.127+0000] {processor.py:842} WARNING - No viable dags retrieved from /opt/airflow/dags/stored_procedures.py
[2024-05-24T15:27:28.144+0000] {processor.py:183} INFO - Processing /opt/airflow/dags/stored_procedures.py took 0.496 seconds
[2024-05-24T15:29:05.752+0000] {processor.py:161} INFO - Started process (PID=38) to work on /opt/airflow/dags/stored_procedures.py
[2024-05-24T15:29:05.753+0000] {processor.py:830} INFO - Processing file /opt/airflow/dags/stored_procedures.py for tasks to queue
[2024-05-24T15:29:05.756+0000] {logging_mixin.py:188} INFO - [2024-05-24T15:29:05.755+0000] {dagbag.py:540} INFO - Filling up the DagBag from /opt/airflow/dags/stored_procedures.py
[2024-05-24T15:29:06.288+0000] {logging_mixin.py:188} INFO - [2024-05-24T15:29:06.281+0000] {dagbag.py:350} ERROR - Failed to import: /opt/airflow/dags/stored_procedures.py
Traceback (most recent call last):
  File "/home/airflow/.local/lib/python3.12/site-packages/airflow/models/dagbag.py", line 346, in parse
    loader.exec_module(new_module)
  File "<frozen importlib._bootstrap_external>", line 995, in exec_module
  File "<frozen importlib._bootstrap>", line 488, in _call_with_frames_removed
  File "/opt/airflow/dags/stored_procedures.py", line 198, in <module>
    p
NameError: name 'p' is not defined
[2024-05-24T15:29:06.290+0000] {processor.py:842} WARNING - No viable dags retrieved from /opt/airflow/dags/stored_procedures.py
[2024-05-24T15:29:06.306+0000] {processor.py:183} INFO - Processing /opt/airflow/dags/stored_procedures.py took 0.560 seconds
[2024-05-24T15:29:36.561+0000] {processor.py:161} INFO - Started process (PID=46) to work on /opt/airflow/dags/stored_procedures.py
[2024-05-24T15:29:36.563+0000] {processor.py:830} INFO - Processing file /opt/airflow/dags/stored_procedures.py for tasks to queue
[2024-05-24T15:29:36.565+0000] {logging_mixin.py:188} INFO - [2024-05-24T15:29:36.564+0000] {dagbag.py:540} INFO - Filling up the DagBag from /opt/airflow/dags/stored_procedures.py
[2024-05-24T15:29:37.008+0000] {logging_mixin.py:188} INFO - [2024-05-24T15:29:36.999+0000] {dagbag.py:350} ERROR - Failed to import: /opt/airflow/dags/stored_procedures.py
Traceback (most recent call last):
  File "/home/airflow/.local/lib/python3.12/site-packages/airflow/models/dagbag.py", line 346, in parse
    loader.exec_module(new_module)
  File "<frozen importlib._bootstrap_external>", line 995, in exec_module
  File "<frozen importlib._bootstrap>", line 488, in _call_with_frames_removed
  File "/opt/airflow/dags/stored_procedures.py", line 198, in <module>
    p
NameError: name 'p' is not defined
[2024-05-24T15:29:37.011+0000] {processor.py:842} WARNING - No viable dags retrieved from /opt/airflow/dags/stored_procedures.py
[2024-05-24T15:29:37.027+0000] {processor.py:183} INFO - Processing /opt/airflow/dags/stored_procedures.py took 0.471 seconds
