[2024-05-30T11:44:29.321+0000] {local_task_job_runner.py:120} INFO - ::group::Pre task execution logs
[2024-05-30T11:44:29.345+0000] {taskinstance.py:2073} INFO - Dependencies all met for dep_context=non-requeueable deps ti=<TaskInstance: stored_procedures.insert_uuid manual__2024-05-30T11:44:25.898817+00:00 [queued]>
[2024-05-30T11:44:29.354+0000] {taskinstance.py:2073} INFO - Dependencies all met for dep_context=requeueable deps ti=<TaskInstance: stored_procedures.insert_uuid manual__2024-05-30T11:44:25.898817+00:00 [queued]>
[2024-05-30T11:44:29.356+0000] {taskinstance.py:2303} INFO - Starting attempt 1 of 2
[2024-05-30T11:44:29.372+0000] {taskinstance.py:2327} INFO - Executing <Task(PythonOperator): insert_uuid> on 2024-05-30 11:44:25.898817+00:00
[2024-05-30T11:44:29.380+0000] {warnings.py:110} WARNING - /home/***/.local/lib/python3.12/site-packages/***/task/task_runner/standard_task_runner.py:61: DeprecationWarning: This process (pid=403) is multi-threaded, use of fork() may lead to deadlocks in the child.
  pid = os.fork()

[2024-05-30T11:44:29.382+0000] {standard_task_runner.py:63} INFO - Started process 412 to run task
[2024-05-30T11:44:29.382+0000] {standard_task_runner.py:90} INFO - Running: ['***', 'tasks', 'run', 'stored_procedures', 'insert_uuid', 'manual__2024-05-30T11:44:25.898817+00:00', '--job-id', '252', '--raw', '--subdir', 'DAGS_FOLDER/dag_example.py', '--cfg-path', '/tmp/tmpc10shg14']
[2024-05-30T11:44:29.385+0000] {standard_task_runner.py:91} INFO - Job 252: Subtask insert_uuid
[2024-05-30T11:44:29.444+0000] {task_command.py:426} INFO - Running <TaskInstance: stored_procedures.insert_uuid manual__2024-05-30T11:44:25.898817+00:00 [running]> on host 29c09f03cc50
[2024-05-30T11:44:29.542+0000] {taskinstance.py:2644} INFO - Exporting env vars: AIRFLOW_CTX_DAG_OWNER='Yamin' AIRFLOW_CTX_DAG_ID='stored_procedures' AIRFLOW_CTX_TASK_ID='insert_uuid' AIRFLOW_CTX_EXECUTION_DATE='2024-05-30T11:44:25.898817+00:00' AIRFLOW_CTX_TRY_NUMBER='1' AIRFLOW_CTX_DAG_RUN_ID='manual__2024-05-30T11:44:25.898817+00:00'
[2024-05-30T11:44:29.543+0000] {taskinstance.py:430} INFO - ::endgroup::
[2024-05-30T11:44:29.563+0000] {logging_mixin.py:188} INFO - UUID inserted successfully!
[2024-05-30T11:44:29.563+0000] {python.py:237} INFO - Done. Returned value was: None
[2024-05-30T11:44:29.565+0000] {taskinstance.py:441} INFO - ::group::Post task execution logs
[2024-05-30T11:44:29.574+0000] {taskinstance.py:1205} INFO - Marking task as SUCCESS. dag_id=stored_procedures, task_id=insert_uuid, execution_date=20240530T114425, start_date=20240530T114429, end_date=20240530T114429
[2024-05-30T11:44:29.597+0000] {local_task_job_runner.py:240} INFO - Task exited with return code 0
[2024-05-30T11:44:29.626+0000] {taskinstance.py:3482} INFO - 1 downstream tasks scheduled from follow-on schedule check
[2024-05-30T11:44:29.628+0000] {local_task_job_runner.py:222} INFO - ::endgroup::
