[2024-05-31T08:30:19.958+0000] {local_task_job_runner.py:120} INFO - ::group::Pre task execution logs
[2024-05-31T08:30:19.978+0000] {taskinstance.py:2073} INFO - Dependencies all met for dep_context=non-requeueable deps ti=<TaskInstance: stored_procedures.export_json manual__2024-05-31T08:29:54.796887+00:00 [queued]>
[2024-05-31T08:30:19.986+0000] {taskinstance.py:2073} INFO - Dependencies all met for dep_context=requeueable deps ti=<TaskInstance: stored_procedures.export_json manual__2024-05-31T08:29:54.796887+00:00 [queued]>
[2024-05-31T08:30:19.987+0000] {taskinstance.py:2303} INFO - Starting attempt 1 of 2
[2024-05-31T08:30:19.999+0000] {taskinstance.py:2327} INFO - Executing <Task(PythonOperator): export_json> on 2024-05-31 08:29:54.796887+00:00
[2024-05-31T08:30:20.006+0000] {warnings.py:110} WARNING - /home/***/.local/lib/python3.12/site-packages/***/task/task_runner/standard_task_runner.py:61: DeprecationWarning: This process (pid=772) is multi-threaded, use of fork() may lead to deadlocks in the child.
  pid = os.fork()

[2024-05-31T08:30:20.008+0000] {standard_task_runner.py:63} INFO - Started process 774 to run task
[2024-05-31T08:30:20.008+0000] {standard_task_runner.py:90} INFO - Running: ['***', 'tasks', 'run', 'stored_procedures', 'export_json', 'manual__2024-05-31T08:29:54.796887+00:00', '--job-id', '574', '--raw', '--subdir', 'DAGS_FOLDER/dag_example.py', '--cfg-path', '/tmp/tmp12ms1uc2']
[2024-05-31T08:30:20.011+0000] {standard_task_runner.py:91} INFO - Job 574: Subtask export_json
[2024-05-31T08:30:20.060+0000] {task_command.py:426} INFO - Running <TaskInstance: stored_procedures.export_json manual__2024-05-31T08:29:54.796887+00:00 [running]> on host 29c09f03cc50
[2024-05-31T08:30:20.141+0000] {taskinstance.py:2644} INFO - Exporting env vars: AIRFLOW_CTX_DAG_OWNER='Yamin' AIRFLOW_CTX_DAG_ID='stored_procedures' AIRFLOW_CTX_TASK_ID='export_json' AIRFLOW_CTX_EXECUTION_DATE='2024-05-31T08:29:54.796887+00:00' AIRFLOW_CTX_TRY_NUMBER='1' AIRFLOW_CTX_DAG_RUN_ID='manual__2024-05-31T08:29:54.796887+00:00'
[2024-05-31T08:30:20.143+0000] {taskinstance.py:430} INFO - ::endgroup::
[2024-05-31T08:30:20.946+0000] {taskinstance.py:441} INFO - ::group::Post task execution logs
[2024-05-31T08:30:20.947+0000] {taskinstance.py:2890} ERROR - Task failed with exception
Traceback (most recent call last):
  File "/home/airflow/.local/lib/python3.12/site-packages/airflow/models/taskinstance.py", line 465, in _execute_task
    result = _execute_callable(context=context, **execute_callable_kwargs)
             ^^^^^^^^^^^^^^^^^^^^^^^^^^^^^^^^^^^^^^^^^^^^^^^^^^^^^^^^^^^^^
  File "/home/airflow/.local/lib/python3.12/site-packages/airflow/models/taskinstance.py", line 432, in _execute_callable
    return execute_callable(context=context, **execute_callable_kwargs)
           ^^^^^^^^^^^^^^^^^^^^^^^^^^^^^^^^^^^^^^^^^^^^^^^^^^^^^^^^^^^^
  File "/home/airflow/.local/lib/python3.12/site-packages/airflow/models/baseoperator.py", line 400, in wrapper
    return func(self, *args, **kwargs)
           ^^^^^^^^^^^^^^^^^^^^^^^^^^^
  File "/home/airflow/.local/lib/python3.12/site-packages/airflow/operators/python.py", line 235, in execute
    return_value = self.execute_callable()
                   ^^^^^^^^^^^^^^^^^^^^^^^
  File "/home/airflow/.local/lib/python3.12/site-packages/airflow/operators/python.py", line 252, in execute_callable
    return self.python_callable(*self.op_args, **self.op_kwargs)
           ^^^^^^^^^^^^^^^^^^^^^^^^^^^^^^^^^^^^^^^^^^^^^^^^^^^^^
  File "/opt/airflow/dags/dag_example.py", line 167, in create_json
    'time': row[19].isoformat() if row[19] is not None else None,
            ^^^^^^^^^^^^^^^^^
AttributeError: 'datetime.timedelta' object has no attribute 'isoformat'
[2024-05-31T08:30:20.964+0000] {taskinstance.py:1205} INFO - Marking task as UP_FOR_RETRY. dag_id=stored_procedures, task_id=export_json, execution_date=20240531T082954, start_date=20240531T083019, end_date=20240531T083020
[2024-05-31T08:30:20.976+0000] {standard_task_runner.py:110} ERROR - Failed to execute job 574 for task export_json ('datetime.timedelta' object has no attribute 'isoformat'; 774)
[2024-05-31T08:30:21.027+0000] {local_task_job_runner.py:240} INFO - Task exited with return code 1
[2024-05-31T08:30:21.047+0000] {taskinstance.py:3482} INFO - 0 downstream tasks scheduled from follow-on schedule check
[2024-05-31T08:30:21.051+0000] {local_task_job_runner.py:222} INFO - ::endgroup::
