[2024-05-31T08:37:48.700+0000] {local_task_job_runner.py:120} INFO - ::group::Pre task execution logs
[2024-05-31T08:37:48.723+0000] {taskinstance.py:2073} INFO - Dependencies all met for dep_context=non-requeueable deps ti=<TaskInstance: stored_procedures.export_json manual__2024-05-31T08:29:54.796887+00:00 [queued]>
[2024-05-31T08:37:48.732+0000] {taskinstance.py:2073} INFO - Dependencies all met for dep_context=requeueable deps ti=<TaskInstance: stored_procedures.export_json manual__2024-05-31T08:29:54.796887+00:00 [queued]>
[2024-05-31T08:37:48.732+0000] {taskinstance.py:2303} INFO - Starting attempt 2 of 2
[2024-05-31T08:37:48.746+0000] {taskinstance.py:2327} INFO - Executing <Task(PythonOperator): export_json> on 2024-05-31 08:29:54.796887+00:00
[2024-05-31T08:37:48.753+0000] {warnings.py:110} WARNING - /home/***/.local/lib/python3.12/site-packages/***/task/task_runner/standard_task_runner.py:61: DeprecationWarning: This process (pid=866) is multi-threaded, use of fork() may lead to deadlocks in the child.
  pid = os.fork()

[2024-05-31T08:37:48.755+0000] {standard_task_runner.py:63} INFO - Started process 874 to run task
[2024-05-31T08:37:48.755+0000] {standard_task_runner.py:90} INFO - Running: ['***', 'tasks', 'run', 'stored_procedures', 'export_json', 'manual__2024-05-31T08:29:54.796887+00:00', '--job-id', '575', '--raw', '--subdir', 'DAGS_FOLDER/dag_example.py', '--cfg-path', '/tmp/tmpj2wlmc2z']
[2024-05-31T08:37:48.757+0000] {standard_task_runner.py:91} INFO - Job 575: Subtask export_json
[2024-05-31T08:37:48.812+0000] {task_command.py:426} INFO - Running <TaskInstance: stored_procedures.export_json manual__2024-05-31T08:29:54.796887+00:00 [running]> on host 29c09f03cc50
[2024-05-31T08:37:48.911+0000] {taskinstance.py:2644} INFO - Exporting env vars: AIRFLOW_CTX_DAG_OWNER='Yamin' AIRFLOW_CTX_DAG_ID='stored_procedures' AIRFLOW_CTX_TASK_ID='export_json' AIRFLOW_CTX_EXECUTION_DATE='2024-05-31T08:29:54.796887+00:00' AIRFLOW_CTX_TRY_NUMBER='2' AIRFLOW_CTX_DAG_RUN_ID='manual__2024-05-31T08:29:54.796887+00:00'
[2024-05-31T08:37:48.912+0000] {taskinstance.py:430} INFO - ::endgroup::
[2024-05-31T08:37:48.940+0000] {logging_mixin.py:188} INFO - Data exported to ./dags/output.json
[2024-05-31T08:37:48.941+0000] {python.py:237} INFO - Done. Returned value was: None
[2024-05-31T08:37:48.942+0000] {taskinstance.py:441} INFO - ::group::Post task execution logs
[2024-05-31T08:37:48.955+0000] {taskinstance.py:1205} INFO - Marking task as SUCCESS. dag_id=stored_procedures, task_id=export_json, execution_date=20240531T082954, start_date=20240531T083748, end_date=20240531T083748
[2024-05-31T08:37:49.010+0000] {local_task_job_runner.py:240} INFO - Task exited with return code 0
[2024-05-31T08:37:49.034+0000] {taskinstance.py:3482} INFO - 0 downstream tasks scheduled from follow-on schedule check
[2024-05-31T08:37:49.038+0000] {local_task_job_runner.py:222} INFO - ::endgroup::
